{"/home/travis/build/npmtest/node-npmtest-watson-developer-cloud/test.js":{"path":"/home/travis/build/npmtest/node-npmtest-watson-developer-cloud/test.js","s":{"1":2,"2":2,"3":2,"4":2,"5":2,"6":2,"7":2,"8":1,"9":2,"10":2,"11":1,"12":1,"13":1,"14":1,"15":2,"16":2,"17":2,"18":2,"19":1,"20":1,"21":2,"22":2,"23":2,"24":1,"25":1,"26":1,"27":1,"28":1,"29":1,"30":1,"31":1,"32":1,"33":1,"34":1,"35":1,"36":1,"37":2,"38":2,"39":1,"40":2,"41":2,"42":1,"43":2,"44":2,"45":1,"46":2,"47":2,"48":1,"49":1,"50":1,"51":1,"52":1},"b":{"1":[2,1,1,1],"2":[1,1,1,1],"3":[1,1],"4":[1,1],"5":[1,1],"6":[1,1],"7":[1,1],"8":[1,1],"9":[1,1,1],"10":[1,1],"11":[1,1],"12":[1,1],"13":[1,1],"14":[1,1],"15":[1,1],"16":[1,1]},"f":{"1":2,"2":2,"3":2,"4":2,"5":2,"6":1,"7":1,"8":2,"9":2,"10":2,"11":2,"12":1},"fnMap":{"1":{"name":"(anonymous_1)","line":12,"loc":{"start":{"line":12,"column":1},"end":{"line":12,"column":13}}},"2":{"name":"(anonymous_2)","line":19,"loc":{"start":{"line":19,"column":5},"end":{"line":19,"column":17}}},"3":{"name":"(anonymous_3)","line":23,"loc":{"start":{"line":23,"column":24},"end":{"line":23,"column":36}}},"4":{"name":"(anonymous_4)","line":61,"loc":{"start":{"line":61,"column":5},"end":{"line":61,"column":17}}},"5":{"name":"(anonymous_5)","line":82,"loc":{"start":{"line":82,"column":5},"end":{"line":82,"column":17}}},"6":{"name":"(anonymous_6)","line":102,"loc":{"start":{"line":102,"column":83},"end":{"line":105,"column":10}},"skip":true},"7":{"name":"(anonymous_7)","line":113,"loc":{"start":{"line":113,"column":77},"end":{"line":116,"column":10}},"skip":true},"8":{"name":"(anonymous_8)","line":129,"loc":{"start":{"line":129,"column":12},"end":{"line":129,"column":40}},"skip":true},"9":{"name":"(anonymous_9)","line":137,"loc":{"start":{"line":137,"column":77},"end":{"line":140,"column":10}},"skip":true},"10":{"name":"(anonymous_10)","line":148,"loc":{"start":{"line":148,"column":83},"end":{"line":151,"column":10}},"skip":true},"11":{"name":"(anonymous_11)","line":159,"loc":{"start":{"line":159,"column":79},"end":{"line":162,"column":10}},"skip":true},"12":{"name":"(anonymous_12)","line":170,"loc":{"start":{"line":170,"column":75},"end":{"line":173,"column":10}},"skip":true}},"statementMap":{"1":{"start":{"line":12,"column":0},"end":{"line":185,"column":5}},"2":{"start":{"line":14,"column":4},"end":{"line":14,"column":14}},"3":{"start":{"line":19,"column":4},"end":{"line":56,"column":9}},"4":{"start":{"line":21,"column":8},"end":{"line":21,"column":19}},"5":{"start":{"line":23,"column":8},"end":{"line":35,"column":13}},"6":{"start":{"line":24,"column":12},"end":{"line":34,"column":13}},"7":{"start":{"line":25,"column":16},"end":{"line":28,"column":30}},"8":{"start":{"line":30,"column":16},"end":{"line":33,"column":27}},"9":{"start":{"line":37,"column":8},"end":{"line":39,"column":21}},"10":{"start":{"line":40,"column":8},"end":{"line":53,"column":9}},"11":{"start":{"line":43,"column":12},"end":{"line":46,"column":14}},"12":{"start":{"line":47,"column":12},"end":{"line":47,"column":18}},"13":{"start":{"line":50,"column":12},"end":{"line":51,"column":46}},"14":{"start":{"line":52,"column":12},"end":{"line":52,"column":18}},"15":{"start":{"line":55,"column":8},"end":{"line":55,"column":35}},"16":{"start":{"line":61,"column":4},"end":{"line":63,"column":9}},"17":{"start":{"line":62,"column":8},"end":{"line":62,"column":15}},"18":{"start":{"line":64,"column":4},"end":{"line":77,"column":5}},"19":{"start":{"line":70,"column":8},"end":{"line":70,"column":14}},"20":{"start":{"line":76,"column":8},"end":{"line":76,"column":14}},"21":{"start":{"line":82,"column":4},"end":{"line":84,"column":9}},"22":{"start":{"line":83,"column":8},"end":{"line":83,"column":15}},"23":{"start":{"line":85,"column":4},"end":{"line":184,"column":5}},"24":{"start":{"line":92,"column":8},"end":{"line":94,"column":63}},"25":{"start":{"line":95,"column":8},"end":{"line":95,"column":14}},"26":{"start":{"line":102,"column":8},"end":{"line":111,"column":10},"skip":true},"27":{"start":{"line":109,"column":12},"end":{"line":109,"column":55},"skip":true},"28":{"start":{"line":110,"column":12},"end":{"line":110,"column":48},"skip":true},"29":{"start":{"line":113,"column":8},"end":{"line":126,"column":10},"skip":true},"30":{"start":{"line":120,"column":12},"end":{"line":120,"column":76},"skip":true},"31":{"start":{"line":121,"column":12},"end":{"line":121,"column":73},"skip":true},"32":{"start":{"line":122,"column":12},"end":{"line":122,"column":74},"skip":true},"33":{"start":{"line":123,"column":12},"end":{"line":123,"column":79},"skip":true},"34":{"start":{"line":124,"column":12},"end":{"line":124,"column":25},"skip":true},"35":{"start":{"line":125,"column":12},"end":{"line":125,"column":45},"skip":true},"36":{"start":{"line":128,"column":8},"end":{"line":135,"column":14},"skip":true},"37":{"start":{"line":133,"column":16},"end":{"line":133,"column":29},"skip":true},"38":{"start":{"line":134,"column":16},"end":{"line":134,"column":55},"skip":true},"39":{"start":{"line":137,"column":8},"end":{"line":146,"column":10},"skip":true},"40":{"start":{"line":144,"column":12},"end":{"line":144,"column":25},"skip":true},"41":{"start":{"line":145,"column":12},"end":{"line":145,"column":45},"skip":true},"42":{"start":{"line":148,"column":8},"end":{"line":157,"column":10},"skip":true},"43":{"start":{"line":155,"column":12},"end":{"line":155,"column":25},"skip":true},"44":{"start":{"line":156,"column":12},"end":{"line":156,"column":48},"skip":true},"45":{"start":{"line":159,"column":8},"end":{"line":168,"column":10},"skip":true},"46":{"start":{"line":166,"column":12},"end":{"line":166,"column":25},"skip":true},"47":{"start":{"line":167,"column":12},"end":{"line":167,"column":46},"skip":true},"48":{"start":{"line":170,"column":8},"end":{"line":179,"column":10},"skip":true},"49":{"start":{"line":177,"column":12},"end":{"line":177,"column":94},"skip":true},"50":{"start":{"line":178,"column":12},"end":{"line":178,"column":48},"skip":true},"51":{"start":{"line":182,"column":8},"end":{"line":182,"column":35},"skip":true},"52":{"start":{"line":183,"column":8},"end":{"line":183,"column":14},"skip":true}},"branchMap":{"1":{"line":25,"type":"binary-expr","locations":[{"start":{"line":25,"column":23},"end":{"line":25,"column":62}},{"start":{"line":26,"column":20},"end":{"line":26,"column":70}},{"start":{"line":27,"column":20},"end":{"line":27,"column":71}},{"start":{"line":28,"column":20},"end":{"line":28,"column":29}}]},"2":{"line":30,"type":"binary-expr","locations":[{"start":{"line":30,"column":23},"end":{"line":30,"column":37}},{"start":{"line":31,"column":20},"end":{"line":31,"column":61}},{"start":{"line":32,"column":20},"end":{"line":32,"column":70}},{"start":{"line":33,"column":20},"end":{"line":33,"column":26}}]},"3":{"line":37,"type":"cond-expr","locations":[{"start":{"line":38,"column":14},"end":{"line":38,"column":20}},{"start":{"line":39,"column":14},"end":{"line":39,"column":20}}]},"4":{"line":40,"type":"switch","locations":[{"start":{"line":42,"column":8},"end":{"line":47,"column":18}},{"start":{"line":49,"column":8},"end":{"line":52,"column":18}}]},"5":{"line":44,"type":"binary-expr","locations":[{"start":{"line":44,"column":16},"end":{"line":44,"column":44}},{"start":{"line":44,"column":48},"end":{"line":44,"column":66}}]},"6":{"line":50,"type":"binary-expr","locations":[{"start":{"line":50,"column":21},"end":{"line":50,"column":49}},{"start":{"line":50,"column":53},"end":{"line":50,"column":72}}]},"7":{"line":64,"type":"switch","locations":[{"start":{"line":69,"column":4},"end":{"line":70,"column":14}},{"start":{"line":75,"column":4},"end":{"line":76,"column":14}}]},"8":{"line":85,"type":"switch","locations":[{"start":{"line":90,"column":4},"end":{"line":95,"column":14}},{"start":{"line":101,"column":4},"end":{"line":183,"column":14},"skip":true}]},"9":{"line":92,"type":"binary-expr","locations":[{"start":{"line":92,"column":18},"end":{"line":92,"column":32}},{"start":{"line":93,"column":12},"end":{"line":93,"column":53}},{"start":{"line":94,"column":12},"end":{"line":94,"column":61}}]},"10":{"line":102,"type":"binary-expr","locations":[{"start":{"line":102,"column":45},"end":{"line":102,"column":79},"skip":true},{"start":{"line":102,"column":83},"end":{"line":111,"column":9},"skip":true}]},"11":{"line":113,"type":"binary-expr","locations":[{"start":{"line":113,"column":42},"end":{"line":113,"column":73},"skip":true},{"start":{"line":113,"column":77},"end":{"line":126,"column":9},"skip":true}]},"12":{"line":128,"type":"binary-expr","locations":[{"start":{"line":128,"column":48},"end":{"line":128,"column":85},"skip":true},{"start":{"line":129,"column":12},"end":{"line":135,"column":13},"skip":true}]},"13":{"line":137,"type":"binary-expr","locations":[{"start":{"line":137,"column":42},"end":{"line":137,"column":73},"skip":true},{"start":{"line":137,"column":77},"end":{"line":146,"column":9},"skip":true}]},"14":{"line":148,"type":"binary-expr","locations":[{"start":{"line":148,"column":45},"end":{"line":148,"column":79},"skip":true},{"start":{"line":148,"column":83},"end":{"line":157,"column":9},"skip":true}]},"15":{"line":159,"type":"binary-expr","locations":[{"start":{"line":159,"column":43},"end":{"line":159,"column":75},"skip":true},{"start":{"line":159,"column":79},"end":{"line":168,"column":9},"skip":true}]},"16":{"line":170,"type":"binary-expr","locations":[{"start":{"line":170,"column":41},"end":{"line":170,"column":71},"skip":true},{"start":{"line":170,"column":75},"end":{"line":179,"column":9},"skip":true}]}},"code":["/* istanbul instrument in package npmtest_watson_developer_cloud */","/*jslint","    bitwise: true,","    browser: true,","    maxerr: 8,","    maxlen: 96,","    node: true,","    nomen: true,","    regexp: true,","    stupid: true","*/","(function () {","    'use strict';","    var local;","","","","    // run shared js-env code - pre-init","    (function () {","        // init local","        local = {};","        // init modeJs","        local.modeJs = (function () {","            try {","                return typeof navigator.userAgent === 'string' &&","                    typeof document.querySelector('body') === 'object' &&","                    typeof XMLHttpRequest.prototype.open === 'function' &&","                    'browser';","            } catch (errorCaughtBrowser) {","                return module.exports &&","                    typeof process.versions.node === 'string' &&","                    typeof require('http').createServer === 'function' &&","                    'node';","            }","        }());","        // init global","        local.global = local.modeJs === 'browser'","            ? window","            : global;","        switch (local.modeJs) {","        // re-init local from window.local","        case 'browser':","            local = local.global.utility2.objectSetDefault(","                local.global.utility2_rollup || local.global.local,","                local.global.utility2","            );","            break;","        // re-init local from example.js","        case 'node':","            local = (local.global.utility2_rollup || require('utility2'))","                .requireExampleJsFromReadme();","            break;","        }","        // export local","        local.global.local = local;","    }());","","","","    // run shared js-env code - function","    (function () {","        return;","    }());","    switch (local.modeJs) {","","","","    // run browser js-env code - function","    case 'browser':","        break;","","","","    // run node js-env code - function","    case 'node':","        break;","    }","","","","    // run shared js-env code - post-init","    (function () {","        return;","    }());","    switch (local.modeJs) {","","","","    // run browser js-env code - post-init","    case 'browser':","        // run tests","        local.nop(local.modeTest &&","            document.querySelector('#testRunButton1') &&","            document.querySelector('#testRunButton1').click());","        break;","","","","    // run node js-env code - post-init","    /* istanbul ignore next */","    case 'node':","        local.testCase_buildApidoc_default = local.testCase_buildApidoc_default || function (","            options,","            onError","        ) {","        /*","         * this function will test buildApidoc's default handling-behavior-behavior","         */","            options = { modulePathList: module.paths };","            local.buildApidoc(options, onError);","        };","","        local.testCase_buildApp_default = local.testCase_buildApp_default || function (","            options,","            onError","        ) {","        /*","         * this function will test buildApp's default handling-behavior-behavior","         */","            local.testCase_buildReadme_default(options, local.onErrorThrow);","            local.testCase_buildLib_default(options, local.onErrorThrow);","            local.testCase_buildTest_default(options, local.onErrorThrow);","            local.testCase_buildCustomOrg_default(options, local.onErrorThrow);","            options = [];","            local.buildApp(options, onError);","        };","","        local.testCase_buildCustomOrg_default = local.testCase_buildCustomOrg_default ||","            function (options, onError) {","            /*","             * this function will test buildCustomOrg's default handling-behavior","             */","                options = {};","                local.buildCustomOrg(options, onError);","            };","","        local.testCase_buildLib_default = local.testCase_buildLib_default || function (","            options,","            onError","        ) {","        /*","         * this function will test buildLib's default handling-behavior","         */","            options = {};","            local.buildLib(options, onError);","        };","","        local.testCase_buildReadme_default = local.testCase_buildReadme_default || function (","            options,","            onError","        ) {","        /*","         * this function will test buildReadme's default handling-behavior-behavior","         */","            options = {};","            local.buildReadme(options, onError);","        };","","        local.testCase_buildTest_default = local.testCase_buildTest_default || function (","            options,","            onError","        ) {","        /*","         * this function will test buildTest's default handling-behavior","         */","            options = {};","            local.buildTest(options, onError);","        };","","        local.testCase_webpage_default = local.testCase_webpage_default || function (","            options,","            onError","        ) {","        /*","         * this function will test webpage's default handling-behavior","         */","            options = { modeCoverageMerge: true, url: local.serverLocalHost + '?modeTest=1' };","            local.browserTest(options, onError);","        };","","        // run test-server","        local.testRunServer(local);","        break;","    }","}());",""],"l":{"12":2,"14":2,"19":2,"21":2,"23":2,"24":2,"25":2,"30":1,"37":2,"40":2,"43":1,"47":1,"50":1,"52":1,"55":2,"61":2,"62":2,"64":2,"70":1,"76":1,"82":2,"83":2,"85":2,"92":1,"95":1,"102":1,"109":1,"110":1,"113":1,"120":1,"121":1,"122":1,"123":1,"124":1,"125":1,"128":1,"133":2,"134":2,"137":1,"144":2,"145":2,"148":1,"155":2,"156":2,"159":1,"166":2,"167":2,"170":1,"177":1,"178":1,"182":1,"183":1}},"/home/travis/build/npmtest/node-npmtest-watson-developer-cloud/lib.npmtest_watson_developer_cloud.js":{"path":"/home/travis/build/npmtest/node-npmtest-watson-developer-cloud/lib.npmtest_watson_developer_cloud.js","s":{"1":2,"2":2,"3":2,"4":2,"5":2,"6":2,"7":2,"8":1,"9":2,"10":2,"11":2,"12":2,"13":1,"14":1,"15":1,"16":1},"b":{"1":[2,1,1,1],"2":[1,1,1,1],"3":[1,1],"4":[2,2],"5":[1,1]},"f":{"1":2,"2":2,"3":2},"fnMap":{"1":{"name":"(anonymous_1)","line":12,"loc":{"start":{"line":12,"column":1},"end":{"line":12,"column":13}}},"2":{"name":"(anonymous_2)","line":19,"loc":{"start":{"line":19,"column":5},"end":{"line":19,"column":17}}},"3":{"name":"(anonymous_3)","line":23,"loc":{"start":{"line":23,"column":24},"end":{"line":23,"column":36}}}},"statementMap":{"1":{"start":{"line":12,"column":0},"end":{"line":53,"column":5}},"2":{"start":{"line":14,"column":4},"end":{"line":14,"column":14}},"3":{"start":{"line":19,"column":4},"end":{"line":52,"column":9}},"4":{"start":{"line":21,"column":8},"end":{"line":21,"column":19}},"5":{"start":{"line":23,"column":8},"end":{"line":35,"column":13}},"6":{"start":{"line":24,"column":12},"end":{"line":34,"column":13}},"7":{"start":{"line":25,"column":16},"end":{"line":28,"column":30}},"8":{"start":{"line":30,"column":16},"end":{"line":33,"column":27}},"9":{"start":{"line":37,"column":8},"end":{"line":39,"column":21}},"10":{"start":{"line":41,"column":8},"end":{"line":41,"column":54}},"11":{"start":{"line":43,"column":8},"end":{"line":43,"column":67}},"12":{"start":{"line":45,"column":8},"end":{"line":51,"column":9}},"13":{"start":{"line":46,"column":12},"end":{"line":46,"column":73}},"14":{"start":{"line":48,"column":12},"end":{"line":48,"column":35}},"15":{"start":{"line":49,"column":12},"end":{"line":49,"column":49}},"16":{"start":{"line":50,"column":12},"end":{"line":50,"column":43}}},"branchMap":{"1":{"line":25,"type":"binary-expr","locations":[{"start":{"line":25,"column":23},"end":{"line":25,"column":62}},{"start":{"line":26,"column":20},"end":{"line":26,"column":70}},{"start":{"line":27,"column":20},"end":{"line":27,"column":71}},{"start":{"line":28,"column":20},"end":{"line":28,"column":29}}]},"2":{"line":30,"type":"binary-expr","locations":[{"start":{"line":30,"column":23},"end":{"line":30,"column":37}},{"start":{"line":31,"column":20},"end":{"line":31,"column":61}},{"start":{"line":32,"column":20},"end":{"line":32,"column":70}},{"start":{"line":33,"column":20},"end":{"line":33,"column":26}}]},"3":{"line":37,"type":"cond-expr","locations":[{"start":{"line":38,"column":14},"end":{"line":38,"column":20}},{"start":{"line":39,"column":14},"end":{"line":39,"column":20}}]},"4":{"line":41,"type":"binary-expr","locations":[{"start":{"line":41,"column":16},"end":{"line":41,"column":44}},{"start":{"line":41,"column":48},"end":{"line":41,"column":53}}]},"5":{"line":45,"type":"if","locations":[{"start":{"line":45,"column":8},"end":{"line":45,"column":8}},{"start":{"line":45,"column":8},"end":{"line":45,"column":8}}]}},"code":["/* istanbul instrument in package npmtest_watson_developer_cloud */","/*jslint","    bitwise: true,","    browser: true,","    maxerr: 8,","    maxlen: 96,","    node: true,","    nomen: true,","    regexp: true,","    stupid: true","*/","(function () {","    'use strict';","    var local;","","","","    // run shared js-env code - pre-init","    (function () {","        // init local","        local = {};","        // init modeJs","        local.modeJs = (function () {","            try {","                return typeof navigator.userAgent === 'string' &&","                    typeof document.querySelector('body') === 'object' &&","                    typeof XMLHttpRequest.prototype.open === 'function' &&","                    'browser';","            } catch (errorCaughtBrowser) {","                return module.exports &&","                    typeof process.versions.node === 'string' &&","                    typeof require('http').createServer === 'function' &&","                    'node';","            }","        }());","        // init global","        local.global = local.modeJs === 'browser'","            ? window","            : global;","        // init utility2_rollup","        local = local.global.utility2_rollup || local;","        // init lib","        local.local = local.npmtest_watson_developer_cloud = local;","        // init exports","        if (local.modeJs === 'browser') {","            local.global.utility2_npmtest_watson_developer_cloud = local;","        } else {","            module.exports = local;","            module.exports.__dirname = __dirname;","            module.exports.module = module;","        }","    }());","}());",""],"l":{"12":2,"14":2,"19":2,"21":2,"23":2,"24":2,"25":2,"30":1,"37":2,"41":2,"43":2,"45":2,"46":1,"48":1,"49":1,"50":1}},"/home/travis/build/npmtest/node-npmtest-watson-developer-cloud/example.js":{"path":"/home/travis/build/npmtest/node-npmtest-watson-developer-cloud/example.js","s":{"1":2,"2":2,"3":2,"4":2,"5":2,"6":2,"7":2,"8":1,"9":2,"10":2,"11":2,"12":2,"13":1,"14":2,"15":2,"16":2,"17":2,"18":2,"19":0,"20":2,"21":1,"22":1,"23":1,"24":1,"25":1,"26":0,"27":0,"28":1,"29":1,"30":2,"31":0,"32":0,"33":0,"34":1,"35":2,"36":2,"37":2,"38":2,"39":2,"40":2,"41":0,"42":2,"43":2,"44":2,"45":1,"46":3,"47":1,"48":1,"49":1,"50":1,"51":1,"52":1,"53":1,"54":1,"55":1,"56":1,"57":0,"58":1,"59":6,"60":6,"61":1,"62":2,"63":0,"64":2,"65":1,"66":1,"67":0,"68":0,"69":0,"70":0,"71":0,"72":0,"73":0,"74":0,"75":0,"76":0,"77":0,"78":0,"79":0,"80":0,"81":0,"82":0,"83":0},"b":{"1":[2,1,1,1],"2":[1,1,1,1],"3":[1,1],"4":[2,2],"5":[1,1],"6":[1,1],"7":[2,0],"8":[2,1,1,1,1,1],"9":[0,2,0],"10":[1,1],"11":[2,1,1],"12":[1,0],"13":[0,2],"14":[2,0,0,0,0,0,0],"15":[0,2],"16":[2,0],"17":[1,1],"18":[0,1],"19":[1,2,0,2],"20":[1,0],"21":[1,1],"22":[0,0],"23":[0,0],"24":[0,0],"25":[0,0],"26":[0,0],"27":[0,0],"28":[0,0]},"f":{"1":2,"2":2,"3":2,"4":2,"5":2,"6":2,"7":2,"8":2,"9":3,"10":1,"11":6,"12":0},"fnMap":{"1":{"name":"(anonymous_1)","line":26,"loc":{"start":{"line":26,"column":1},"end":{"line":26,"column":13}}},"2":{"name":"(anonymous_2)","line":33,"loc":{"start":{"line":33,"column":5},"end":{"line":33,"column":17}}},"3":{"name":"(anonymous_3)","line":37,"loc":{"start":{"line":37,"column":24},"end":{"line":37,"column":36}}},"4":{"name":"(anonymous_4)","line":69,"loc":{"start":{"line":69,"column":31},"end":{"line":69,"column":48}},"skip":true},"5":{"name":"(anonymous_5)","line":78,"loc":{"start":{"line":78,"column":26},"end":{"line":78,"column":45}},"skip":true},"6":{"name":"(anonymous_6)","line":123,"loc":{"start":{"line":123,"column":33},"end":{"line":123,"column":48}},"skip":true},"7":{"name":"(anonymous_7)","line":125,"loc":{"start":{"line":125,"column":27},"end":{"line":125,"column":39}},"skip":true},"8":{"name":"(anonymous_8)","line":133,"loc":{"start":{"line":133,"column":59},"end":{"line":133,"column":74}},"skip":true},"9":{"name":"(anonymous_9)","line":143,"loc":{"start":{"line":143,"column":45},"end":{"line":143,"column":62}},"skip":true},"10":{"name":"(anonymous_10)","line":144,"loc":{"start":{"line":144,"column":73},"end":{"line":144,"column":92}},"skip":true},"11":{"name":"(anonymous_11)","line":272,"loc":{"start":{"line":272,"column":51},"end":{"line":272,"column":77}},"skip":true},"12":{"name":"(anonymous_12)","line":314,"loc":{"start":{"line":314,"column":32},"end":{"line":314,"column":61}},"skip":true}},"statementMap":{"1":{"start":{"line":26,"column":0},"end":{"line":325,"column":5}},"2":{"start":{"line":28,"column":4},"end":{"line":28,"column":14}},"3":{"start":{"line":33,"column":4},"end":{"line":60,"column":9}},"4":{"start":{"line":35,"column":8},"end":{"line":35,"column":19}},"5":{"start":{"line":37,"column":8},"end":{"line":49,"column":13}},"6":{"start":{"line":38,"column":12},"end":{"line":48,"column":13}},"7":{"start":{"line":39,"column":16},"end":{"line":42,"column":30}},"8":{"start":{"line":44,"column":16},"end":{"line":47,"column":27}},"9":{"start":{"line":51,"column":8},"end":{"line":53,"column":21}},"10":{"start":{"line":55,"column":8},"end":{"line":57,"column":45}},"11":{"start":{"line":59,"column":8},"end":{"line":59,"column":35}},"12":{"start":{"line":61,"column":4},"end":{"line":324,"column":5}},"13":{"start":{"line":69,"column":8},"end":{"line":121,"column":10},"skip":true},"14":{"start":{"line":70,"column":12},"end":{"line":88,"column":13},"skip":true},"15":{"start":{"line":76,"column":16},"end":{"line":87,"column":19},"skip":true},"16":{"start":{"line":79,"column":20},"end":{"line":86,"column":21},"skip":true},"17":{"start":{"line":82,"column":24},"end":{"line":82,"column":43},"skip":true},"18":{"start":{"line":83,"column":24},"end":{"line":83,"column":30},"skip":true},"19":{"start":{"line":85,"column":24},"end":{"line":85,"column":49},"skip":true},"20":{"start":{"line":89,"column":12},"end":{"line":107,"column":13},"skip":true},"21":{"start":{"line":92,"column":16},"end":{"line":102,"column":17},"skip":true},"22":{"start":{"line":93,"column":20},"end":{"line":93,"column":86},"skip":true},"23":{"start":{"line":94,"column":20},"end":{"line":95,"column":45},"skip":true},"24":{"start":{"line":96,"column":20},"end":{"line":96,"column":42},"skip":true},"25":{"start":{"line":97,"column":20},"end":{"line":97,"column":48},"skip":true},"26":{"start":{"line":100,"column":20},"end":{"line":100,"column":85},"skip":true},"27":{"start":{"line":101,"column":20},"end":{"line":101,"column":96},"skip":true},"28":{"start":{"line":103,"column":16},"end":{"line":103,"column":22},"skip":true},"29":{"start":{"line":106,"column":16},"end":{"line":106,"column":22},"skip":true},"30":{"start":{"line":108,"column":12},"end":{"line":120,"column":13},"skip":true},"31":{"start":{"line":114,"column":16},"end":{"line":119,"column":17},"skip":true},"32":{"start":{"line":116,"column":20},"end":{"line":116,"column":78},"skip":true},"33":{"start":{"line":118,"column":20},"end":{"line":118,"column":53},"skip":true},"34":{"start":{"line":123,"column":8},"end":{"line":141,"column":11},"skip":true},"35":{"start":{"line":124,"column":12},"end":{"line":124,"column":54},"skip":true},"36":{"start":{"line":125,"column":12},"end":{"line":140,"column":14},"skip":true},"37":{"start":{"line":126,"column":16},"end":{"line":126,"column":28},"skip":true},"38":{"start":{"line":127,"column":16},"end":{"line":127,"column":69},"skip":true},"39":{"start":{"line":128,"column":16},"end":{"line":128,"column":75},"skip":true},"40":{"start":{"line":129,"column":16},"end":{"line":131,"column":17},"skip":true},"41":{"start":{"line":130,"column":20},"end":{"line":130,"column":27},"skip":true},"42":{"start":{"line":133,"column":16},"end":{"line":137,"column":36},"skip":true},"43":{"start":{"line":134,"column":20},"end":{"line":136,"column":55},"skip":true},"44":{"start":{"line":139,"column":16},"end":{"line":139,"column":57},"skip":true},"45":{"start":{"line":143,"column":8},"end":{"line":147,"column":11},"skip":true},"46":{"start":{"line":144,"column":12},"end":{"line":146,"column":15},"skip":true},"47":{"start":{"line":145,"column":16},"end":{"line":145,"column":70},"skip":true},"48":{"start":{"line":149,"column":8},"end":{"line":149,"column":31},"skip":true},"49":{"start":{"line":150,"column":8},"end":{"line":150,"column":14},"skip":true},"50":{"start":{"line":158,"column":8},"end":{"line":158,"column":31},"skip":true},"51":{"start":{"line":160,"column":8},"end":{"line":160,"column":33},"skip":true},"52":{"start":{"line":161,"column":8},"end":{"line":161,"column":37},"skip":true},"53":{"start":{"line":162,"column":8},"end":{"line":162,"column":35},"skip":true},"54":{"start":{"line":164,"column":8},"end":{"line":164,"column":50},"skip":true},"55":{"start":{"line":166,"column":8},"end":{"line":256,"column":2},"skip":true},"56":{"start":{"line":258,"column":8},"end":{"line":286,"column":9},"skip":true},"57":{"start":{"line":259,"column":12},"end":{"line":269,"column":14},"skip":true},"58":{"start":{"line":271,"column":12},"end":{"line":285,"column":19},"skip":true},"59":{"start":{"line":274,"column":20},"end":{"line":274,"column":35},"skip":true},"60":{"start":{"line":275,"column":20},"end":{"line":284,"column":21},"skip":true},"61":{"start":{"line":277,"column":24},"end":{"line":277,"column":64},"skip":true},"62":{"start":{"line":279,"column":24},"end":{"line":279,"column":40},"skip":true},"63":{"start":{"line":281,"column":24},"end":{"line":281,"column":40},"skip":true},"64":{"start":{"line":283,"column":24},"end":{"line":283,"column":39},"skip":true},"65":{"start":{"line":288,"column":8},"end":{"line":290,"column":9},"skip":true},"66":{"start":{"line":289,"column":12},"end":{"line":289,"column":18},"skip":true},"67":{"start":{"line":291,"column":8},"end":{"line":293,"column":54},"skip":true},"68":{"start":{"line":294,"column":8},"end":{"line":301,"column":37},"skip":true},"69":{"start":{"line":302,"column":8},"end":{"line":302,"column":82},"skip":true},"70":{"start":{"line":305,"column":8},"end":{"line":307,"column":9},"skip":true},"71":{"start":{"line":306,"column":12},"end":{"line":306,"column":82},"skip":true},"72":{"start":{"line":309,"column":8},"end":{"line":311,"column":9},"skip":true},"73":{"start":{"line":310,"column":12},"end":{"line":310,"column":18},"skip":true},"74":{"start":{"line":312,"column":8},"end":{"line":312,"column":54},"skip":true},"75":{"start":{"line":313,"column":8},"end":{"line":313,"column":69},"skip":true},"76":{"start":{"line":314,"column":8},"end":{"line":322,"column":36},"skip":true},"77":{"start":{"line":315,"column":12},"end":{"line":315,"column":61},"skip":true},"78":{"start":{"line":316,"column":12},"end":{"line":319,"column":13},"skip":true},"79":{"start":{"line":317,"column":16},"end":{"line":317,"column":75},"skip":true},"80":{"start":{"line":318,"column":16},"end":{"line":318,"column":23},"skip":true},"81":{"start":{"line":320,"column":12},"end":{"line":320,"column":38},"skip":true},"82":{"start":{"line":321,"column":12},"end":{"line":321,"column":27},"skip":true},"83":{"start":{"line":323,"column":8},"end":{"line":323,"column":14},"skip":true}},"branchMap":{"1":{"line":39,"type":"binary-expr","locations":[{"start":{"line":39,"column":23},"end":{"line":39,"column":62}},{"start":{"line":40,"column":20},"end":{"line":40,"column":70}},{"start":{"line":41,"column":20},"end":{"line":41,"column":71}},{"start":{"line":42,"column":20},"end":{"line":42,"column":29}}]},"2":{"line":44,"type":"binary-expr","locations":[{"start":{"line":44,"column":23},"end":{"line":44,"column":37}},{"start":{"line":45,"column":20},"end":{"line":45,"column":61}},{"start":{"line":46,"column":20},"end":{"line":46,"column":70}},{"start":{"line":47,"column":20},"end":{"line":47,"column":26}}]},"3":{"line":51,"type":"cond-expr","locations":[{"start":{"line":52,"column":14},"end":{"line":52,"column":20}},{"start":{"line":53,"column":14},"end":{"line":53,"column":20}}]},"4":{"line":55,"type":"binary-expr","locations":[{"start":{"line":55,"column":16},"end":{"line":55,"column":44}},{"start":{"line":55,"column":49},"end":{"line":57,"column":43}}]},"5":{"line":55,"type":"cond-expr","locations":[{"start":{"line":56,"column":14},"end":{"line":56,"column":66}},{"start":{"line":57,"column":14},"end":{"line":57,"column":43}}]},"6":{"line":61,"type":"switch","locations":[{"start":{"line":68,"column":4},"end":{"line":150,"column":14},"skip":true},{"start":{"line":156,"column":4},"end":{"line":323,"column":14},"skip":true}]},"7":{"line":70,"type":"if","locations":[{"start":{"line":70,"column":12},"end":{"line":70,"column":12},"skip":true},{"start":{"line":70,"column":12},"end":{"line":70,"column":12},"skip":true}]},"8":{"line":70,"type":"binary-expr","locations":[{"start":{"line":70,"column":16},"end":{"line":70,"column":22},"skip":true},{"start":{"line":70,"column":27},"end":{"line":70,"column":32},"skip":true},{"start":{"line":71,"column":20},"end":{"line":71,"column":39},"skip":true},{"start":{"line":72,"column":20},"end":{"line":72,"column":49},"skip":true},{"start":{"line":73,"column":20},"end":{"line":73,"column":58},"skip":true},{"start":{"line":74,"column":20},"end":{"line":74,"column":69},"skip":true}]},"9":{"line":79,"type":"switch","locations":[{"start":{"line":80,"column":20},"end":{"line":80,"column":33},"skip":true},{"start":{"line":81,"column":20},"end":{"line":83,"column":30},"skip":true},{"start":{"line":84,"column":20},"end":{"line":85,"column":49},"skip":true}]},"10":{"line":89,"type":"switch","locations":[{"start":{"line":90,"column":12},"end":{"line":103,"column":22},"skip":true},{"start":{"line":105,"column":12},"end":{"line":106,"column":22},"skip":true}]},"11":{"line":89,"type":"binary-expr","locations":[{"start":{"line":89,"column":20},"end":{"line":89,"column":25},"skip":true},{"start":{"line":89,"column":29},"end":{"line":89,"column":48},"skip":true},{"start":{"line":89,"column":52},"end":{"line":89,"column":74},"skip":true}]},"12":{"line":92,"type":"if","locations":[{"start":{"line":92,"column":16},"end":{"line":92,"column":16},"skip":true},{"start":{"line":92,"column":16},"end":{"line":92,"column":16},"skip":true}]},"13":{"line":108,"type":"if","locations":[{"start":{"line":108,"column":12},"end":{"line":108,"column":12},"skip":true},{"start":{"line":108,"column":12},"end":{"line":108,"column":12},"skip":true}]},"14":{"line":108,"type":"binary-expr","locations":[{"start":{"line":108,"column":16},"end":{"line":108,"column":61},"skip":true},{"start":{"line":108,"column":66},"end":{"line":108,"column":72},"skip":true},{"start":{"line":108,"column":77},"end":{"line":108,"column":82},"skip":true},{"start":{"line":109,"column":20},"end":{"line":109,"column":39},"skip":true},{"start":{"line":110,"column":20},"end":{"line":110,"column":49},"skip":true},{"start":{"line":111,"column":20},"end":{"line":111,"column":58},"skip":true},{"start":{"line":112,"column":20},"end":{"line":112,"column":68},"skip":true}]},"15":{"line":129,"type":"if","locations":[{"start":{"line":129,"column":16},"end":{"line":129,"column":16},"skip":true},{"start":{"line":129,"column":16},"end":{"line":129,"column":16},"skip":true}]},"16":{"line":134,"type":"cond-expr","locations":[{"start":{"line":135,"column":26},"end":{"line":135,"column":29},"skip":true},{"start":{"line":136,"column":26},"end":{"line":136,"column":54},"skip":true}]},"17":{"line":164,"type":"binary-expr","locations":[{"start":{"line":164,"column":27},"end":{"line":164,"column":43},"skip":true},{"start":{"line":164,"column":47},"end":{"line":164,"column":49},"skip":true}]},"18":{"line":258,"type":"if","locations":[{"start":{"line":258,"column":8},"end":{"line":258,"column":8},"skip":true},{"start":{"line":258,"column":8},"end":{"line":258,"column":8},"skip":true}]},"19":{"line":275,"type":"switch","locations":[{"start":{"line":276,"column":20},"end":{"line":277,"column":64},"skip":true},{"start":{"line":278,"column":20},"end":{"line":279,"column":40},"skip":true},{"start":{"line":280,"column":20},"end":{"line":281,"column":40},"skip":true},{"start":{"line":282,"column":20},"end":{"line":283,"column":39},"skip":true}]},"20":{"line":288,"type":"if","locations":[{"start":{"line":288,"column":8},"end":{"line":288,"column":8},"skip":true},{"start":{"line":288,"column":8},"end":{"line":288,"column":8},"skip":true}]},"21":{"line":288,"type":"binary-expr","locations":[{"start":{"line":288,"column":12},"end":{"line":288,"column":40},"skip":true},{"start":{"line":288,"column":44},"end":{"line":288,"column":67},"skip":true}]},"22":{"line":292,"type":"binary-expr","locations":[{"start":{"line":292,"column":12},"end":{"line":292,"column":50},"skip":true},{"start":{"line":293,"column":12},"end":{"line":293,"column":53},"skip":true}]},"23":{"line":295,"type":"binary-expr","locations":[{"start":{"line":295,"column":12},"end":{"line":295,"column":80},"skip":true},{"start":{"line":296,"column":12},"end":{"line":301,"column":36},"skip":true}]},"24":{"line":302,"type":"binary-expr","locations":[{"start":{"line":302,"column":43},"end":{"line":302,"column":75},"skip":true},{"start":{"line":302,"column":79},"end":{"line":302,"column":81},"skip":true}]},"25":{"line":305,"type":"if","locations":[{"start":{"line":305,"column":8},"end":{"line":305,"column":8},"skip":true},{"start":{"line":305,"column":8},"end":{"line":305,"column":8},"skip":true}]},"26":{"line":309,"type":"if","locations":[{"start":{"line":309,"column":8},"end":{"line":309,"column":8},"skip":true},{"start":{"line":309,"column":8},"end":{"line":309,"column":8},"skip":true}]},"27":{"line":312,"type":"binary-expr","locations":[{"start":{"line":312,"column":27},"end":{"line":312,"column":43},"skip":true},{"start":{"line":312,"column":47},"end":{"line":312,"column":53},"skip":true}]},"28":{"line":316,"type":"if","locations":[{"start":{"line":316,"column":12},"end":{"line":316,"column":12},"skip":true},{"start":{"line":316,"column":12},"end":{"line":316,"column":12},"skip":true}]}},"code":["/*","example.js","","quickstart example","","instruction","    1. save this script as example.js","    2. run the shell command:","        $ npm install npmtest-watson-developer-cloud && PORT=8081 node example.js","    3. play with the browser-demo on http://127.0.0.1:8081","*/","","","","/* istanbul instrument in package npmtest_watson_developer_cloud */","/*jslint","    bitwise: true,","    browser: true,","    maxerr: 8,","    maxlen: 96,","    node: true,","    nomen: true,","    regexp: true,","    stupid: true","*/","(function () {","    'use strict';","    var local;","","","","    // run shared js-env code - pre-init","    (function () {","        // init local","        local = {};","        // init modeJs","        local.modeJs = (function () {","            try {","                return typeof navigator.userAgent === 'string' &&","                    typeof document.querySelector('body') === 'object' &&","                    typeof XMLHttpRequest.prototype.open === 'function' &&","                    'browser';","            } catch (errorCaughtBrowser) {","                return module.exports &&","                    typeof process.versions.node === 'string' &&","                    typeof require('http').createServer === 'function' &&","                    'node';","            }","        }());","        // init global","        local.global = local.modeJs === 'browser'","            ? window","            : global;","        // init utility2_rollup","        local = local.global.utility2_rollup || (local.modeJs === 'browser'","            ? local.global.utility2_npmtest_watson_developer_cloud","            : global.utility2_moduleExports);","        // export local","        local.global.local = local;","    }());","    switch (local.modeJs) {","","","","    // post-init","    // run browser js-env code - post-init","    /* istanbul ignore next */","    case 'browser':","        local.testRunBrowser = function (event) {","            if (!event || (event &&","                    event.currentTarget &&","                    event.currentTarget.className &&","                    event.currentTarget.className.includes &&","                    event.currentTarget.className.includes('onreset'))) {","                // reset output","                Array.from(","                    document.querySelectorAll('body > .resettable')","                ).forEach(function (element) {","                    switch (element.tagName) {","                    case 'INPUT':","                    case 'TEXTAREA':","                        element.value = '';","                        break;","                    default:","                        element.textContent = '';","                    }","                });","            }","            switch (event && event.currentTarget && event.currentTarget.id) {","            case 'testRunButton1':","                // show tests","                if (document.querySelector('#testReportDiv1').style.display === 'none') {","                    document.querySelector('#testReportDiv1').style.display = 'block';","                    document.querySelector('#testRunButton1').textContent =","                        'hide internal test';","                    local.modeTest = true;","                    local.testRunDefault(local);","                // hide tests","                } else {","                    document.querySelector('#testReportDiv1').style.display = 'none';","                    document.querySelector('#testRunButton1').textContent = 'run internal test';","                }","                break;","            // custom-case","            default:","                break;","            }","            if (document.querySelector('#inputTextareaEval1') && (!event || (event &&","                    event.currentTarget &&","                    event.currentTarget.className &&","                    event.currentTarget.className.includes &&","                    event.currentTarget.className.includes('oneval')))) {","                // try to eval input-code","                try {","                    /*jslint evil: true*/","                    eval(document.querySelector('#inputTextareaEval1').value);","                } catch (errorCaught) {","                    console.error(errorCaught.stack);","                }","            }","        };","        // log stderr and stdout to #outputTextareaStdout1","        ['error', 'log'].forEach(function (key) {","            console[key + '_original'] = console[key];","            console[key] = function () {","                var element;","                console[key + '_original'].apply(console, arguments);","                element = document.querySelector('#outputTextareaStdout1');","                if (!element) {","                    return;","                }","                // append text to #outputTextareaStdout1","                element.value += Array.from(arguments).map(function (arg) {","                    return typeof arg === 'string'","                        ? arg","                        : JSON.stringify(arg, null, 4);","                }).join(' ') + '\\n';","                // scroll textarea to bottom","                element.scrollTop = element.scrollHeight;","            };","        });","        // init event-handling","        ['change', 'click', 'keyup'].forEach(function (event) {","            Array.from(document.querySelectorAll('.on' + event)).forEach(function (element) {","                element.addEventListener(event, local.testRunBrowser);","            });","        });","        // run tests","        local.testRunBrowser();","        break;","","","","    // run node js-env code - post-init","    /* istanbul ignore next */","    case 'node':","        // export local","        module.exports = local;","        // require modules","        local.fs = require('fs');","        local.http = require('http');","        local.url = require('url');","        // init assets","        local.assetsDict = local.assetsDict || {};","        /* jslint-ignore-begin */","        local.assetsDict['/assets.index.template.html'] = '\\","<!doctype html>\\n\\","<html lang=\"en\">\\n\\","<head>\\n\\","<meta charset=\"UTF-8\">\\n\\","<meta name=\"viewport\" content=\"width=device-width, initial-scale=1\">\\n\\","<title>{{env.npm_package_name}} (v{{env.npm_package_version}})</title>\\n\\","<style>\\n\\","/*csslint\\n\\","    box-sizing: false,\\n\\","    universal-selector: false\\n\\","*/\\n\\","* {\\n\\","    box-sizing: border-box;\\n\\","}\\n\\","body {\\n\\","    background: #dde;\\n\\","    font-family: Arial, Helvetica, sans-serif;\\n\\","    margin: 2rem;\\n\\","}\\n\\","body > * {\\n\\","    margin-bottom: 1rem;\\n\\","}\\n\\",".utility2FooterDiv {\\n\\","    margin-top: 20px;\\n\\","    text-align: center;\\n\\","}\\n\\","</style>\\n\\","<style>\\n\\","/*csslint\\n\\","*/\\n\\","textarea {\\n\\","    font-family: monospace;\\n\\","    height: 10rem;\\n\\","    width: 100%;\\n\\","}\\n\\","textarea[readonly] {\\n\\","    background: #ddd;\\n\\","}\\n\\","</style>\\n\\","</head>\\n\\","<body>\\n\\","<!-- utility2-comment\\n\\","<div id=\"ajaxProgressDiv1\" style=\"background: #d00; height: 2px; left: 0; margin: 0; padding: 0; position: fixed; top: 0; transition: background 0.5s, width 1.5s; width: 25%;\"></div>\\n\\","utility2-comment -->\\n\\","<h1>\\n\\","<!-- utility2-comment\\n\\","    <a\\n\\","        {{#if env.npm_package_homepage}}\\n\\","        href=\"{{env.npm_package_homepage}}\"\\n\\","        {{/if env.npm_package_homepage}}\\n\\","        target=\"_blank\"\\n\\","    >\\n\\","utility2-comment -->\\n\\","        {{env.npm_package_name}} (v{{env.npm_package_version}})\\n\\","<!-- utility2-comment\\n\\","    </a>\\n\\","utility2-comment -->\\n\\","</h1>\\n\\","<h3>{{env.npm_package_description}}</h3>\\n\\","<!-- utility2-comment\\n\\","<h4><a download href=\"assets.app.js\">download standalone app</a></h4>\\n\\","<button class=\"onclick onreset\" id=\"testRunButton1\">run internal test</button><br>\\n\\","<div id=\"testReportDiv1\" style=\"display: none;\"></div>\\n\\","utility2-comment -->\\n\\","\\n\\","\\n\\","\\n\\","<label>stderr and stdout</label>\\n\\","<textarea class=\"resettable\" id=\"outputTextareaStdout1\" readonly></textarea>\\n\\","<!-- utility2-comment\\n\\","{{#if isRollup}}\\n\\","<script src=\"assets.app.js\"></script>\\n\\","{{#unless isRollup}}\\n\\","utility2-comment -->\\n\\","<script src=\"assets.utility2.rollup.js\"></script>\\n\\","<script src=\"jsonp.utility2._stateInit?callback=window.utility2._stateInit\"></script>\\n\\","<script src=\"assets.npmtest_watson_developer_cloud.rollup.js\"></script>\\n\\","<script src=\"assets.example.js\"></script>\\n\\","<script src=\"assets.test.js\"></script>\\n\\","<!-- utility2-comment\\n\\","{{/if isRollup}}\\n\\","utility2-comment -->\\n\\","<div class=\"utility2FooterDiv\">\\n\\","    [ this app was created with\\n\\","    <a href=\"https://github.com/kaizhu256/node-utility2\" target=\"_blank\">utility2</a>\\n\\","    ]\\n\\","</div>\\n\\","</body>\\n\\","</html>\\n\\","';","        /* jslint-ignore-end */","        if (local.templateRender) {","            local.assetsDict['/'] = local.templateRender(","                local.assetsDict['/assets.index.template.html'],","                {","                    env: local.objectSetDefault(local.env, {","                        npm_package_description: 'the greatest app in the world!',","                        npm_package_name: 'my-app',","                        npm_package_nameAlias: 'my_app',","                        npm_package_version: '0.0.1'","                    })","                }","            );","        } else {","            local.assetsDict['/'] = local.assetsDict['/assets.index.template.html']","                .replace((/\\{\\{env\\.(\\w+?)\\}\\}/g), function (match0, match1) {","                    // jslint-hack","                    String(match0);","                    switch (match1) {","                    case 'npm_package_description':","                        return 'the greatest app in the world!';","                    case 'npm_package_name':","                        return 'my-app';","                    case 'npm_package_nameAlias':","                        return 'my_app';","                    case 'npm_package_version':","                        return '0.0.1';","                    }","                });","        }","        // run the cli","        if (local.global.utility2_rollup || module !== require.main) {","            break;","        }","        local.assetsDict['/assets.example.js'] =","            local.assetsDict['/assets.example.js'] ||","            local.fs.readFileSync(__filename, 'utf8');","        local.assetsDict['/assets.npmtest_watson_developer_cloud.rollup.js'] =","            local.assetsDict['/assets.npmtest_watson_developer_cloud.rollup.js'] ||","            local.fs.readFileSync(","                // buildCustomOrg-hack","                local.npmtest_watson_developer_cloud.__dirname +","                    '/lib.npmtest_watson_developer_cloud.js',","                'utf8'","            ).replace((/^#!/), '//');","        local.assetsDict['/favicon.ico'] = local.assetsDict['/favicon.ico'] || '';","        // if $npm_config_timeout_exit exists,","        // then exit this process after $npm_config_timeout_exit ms","        if (Number(process.env.npm_config_timeout_exit)) {","            setTimeout(process.exit, Number(process.env.npm_config_timeout_exit));","        }","        // start server","        if (local.global.utility2_serverHttp1) {","            break;","        }","        process.env.PORT = process.env.PORT || '8081';","        console.error('server starting on port ' + process.env.PORT);","        local.http.createServer(function (request, response) {","            request.urlParsed = local.url.parse(request.url);","            if (local.assetsDict[request.urlParsed.pathname] !== undefined) {","                response.end(local.assetsDict[request.urlParsed.pathname]);","                return;","            }","            response.statusCode = 404;","            response.end();","        }).listen(process.env.PORT);","        break;","    }","}());",""],"l":{"26":2,"28":2,"33":2,"35":2,"37":2,"38":2,"39":2,"44":1,"51":2,"55":2,"59":2,"61":2,"69":1,"70":2,"76":2,"79":2,"82":2,"83":2,"85":1,"89":2,"92":1,"93":1,"94":1,"96":1,"97":1,"100":1,"101":1,"103":1,"106":1,"108":2,"114":1,"116":1,"118":1,"123":1,"124":2,"125":2,"126":2,"127":2,"128":2,"129":2,"130":1,"133":2,"134":2,"139":2,"143":1,"144":3,"145":1,"149":1,"150":1,"158":1,"160":1,"161":1,"162":1,"164":1,"166":1,"258":1,"259":1,"271":1,"274":6,"275":6,"277":1,"279":2,"281":1,"283":2,"288":1,"289":1,"291":1,"294":1,"302":1,"305":1,"306":1,"309":1,"310":1,"312":1,"313":1,"314":1,"315":1,"316":1,"317":1,"318":1,"320":1,"321":1,"323":1}},"/home/travis/build/npmtest/node-npmtest-watson-developer-cloud/watson-developer-cloud/index.js":{"path":"/home/travis/build/npmtest/node-npmtest-watson-developer-cloud/watson-developer-cloud/index.js","s":{"1":1,"2":1,"3":1,"4":1,"5":1,"6":1,"7":1,"8":1,"9":1,"10":1,"11":1,"12":1,"13":1,"14":1,"15":1,"16":1,"17":1,"18":1,"19":1,"20":1,"21":1,"22":1,"23":1,"24":1,"25":22,"26":22,"27":22,"28":22,"29":22,"30":1,"31":19,"32":0,"33":0,"34":0,"35":0,"36":0,"37":0,"38":0,"39":1,"40":6,"41":0},"b":{"1":[22,19],"2":[0,0],"3":[0,0],"4":[0,0]},"f":{"1":22,"2":19,"3":0,"4":6,"5":0},"fnMap":{"1":{"name":"(anonymous_1)","line":65,"loc":{"start":{"line":65,"column":29},"end":{"line":65,"column":43}}},"2":{"name":"(anonymous_2)","line":73,"loc":{"start":{"line":73,"column":39},"end":{"line":73,"column":61}}},"3":{"name":"(anonymous_3)","line":78,"loc":{"start":{"line":78,"column":11},"end":{"line":78,"column":29}}},"4":{"name":"(anonymous_4)","line":100,"loc":{"start":{"line":100,"column":140},"end":{"line":102,"column":2}}},"5":{"name":"(anonymous_5)","line":107,"loc":{"start":{"line":107,"column":11},"end":{"line":107,"column":22}}}},"statementMap":{"1":{"start":{"line":22,"column":0},"end":{"line":22,"column":62}},"2":{"start":{"line":23,"column":0},"end":{"line":23,"column":61}},"3":{"start":{"line":24,"column":0},"end":{"line":24,"column":57}},"4":{"start":{"line":26,"column":0},"end":{"line":26,"column":56}},"5":{"start":{"line":28,"column":0},"end":{"line":28,"column":54}},"6":{"start":{"line":29,"column":0},"end":{"line":29,"column":79}},"7":{"start":{"line":31,"column":0},"end":{"line":31,"column":42}},"8":{"start":{"line":33,"column":0},"end":{"line":33,"column":48}},"9":{"start":{"line":34,"column":0},"end":{"line":34,"column":73}},"10":{"start":{"line":36,"column":0},"end":{"line":36,"column":67}},"11":{"start":{"line":38,"column":0},"end":{"line":38,"column":69}},"12":{"start":{"line":39,"column":0},"end":{"line":39,"column":67}},"13":{"start":{"line":41,"column":0},"end":{"line":41,"column":82}},"14":{"start":{"line":43,"column":0},"end":{"line":43,"column":88}},"15":{"start":{"line":45,"column":0},"end":{"line":45,"column":69}},"16":{"start":{"line":46,"column":0},"end":{"line":46,"column":69}},"17":{"start":{"line":48,"column":0},"end":{"line":48,"column":62}},"18":{"start":{"line":50,"column":0},"end":{"line":50,"column":56}},"19":{"start":{"line":52,"column":0},"end":{"line":52,"column":56}},"20":{"start":{"line":54,"column":0},"end":{"line":54,"column":55}},"21":{"start":{"line":56,"column":0},"end":{"line":56,"column":65}},"22":{"start":{"line":58,"column":0},"end":{"line":58,"column":65}},"23":{"start":{"line":64,"column":0},"end":{"line":64,"column":29}},"24":{"start":{"line":65,"column":0},"end":{"line":71,"column":3}},"25":{"start":{"line":66,"column":2},"end":{"line":66,"column":31}},"26":{"start":{"line":67,"column":2},"end":{"line":67,"column":38}},"27":{"start":{"line":68,"column":2},"end":{"line":68,"column":44}},"28":{"start":{"line":69,"column":2},"end":{"line":69,"column":58}},"29":{"start":{"line":70,"column":2},"end":{"line":70,"column":45}},"30":{"start":{"line":73,"column":0},"end":{"line":95,"column":3}},"31":{"start":{"line":74,"column":2},"end":{"line":94,"column":5}},"32":{"start":{"line":79,"column":6},"end":{"line":79,"column":30}},"33":{"start":{"line":82,"column":6},"end":{"line":84,"column":7}},"34":{"start":{"line":83,"column":8},"end":{"line":83,"column":31}},"35":{"start":{"line":86,"column":6},"end":{"line":86,"column":70}},"36":{"start":{"line":88,"column":6},"end":{"line":90,"column":7}},"37":{"start":{"line":89,"column":8},"end":{"line":89,"column":89}},"38":{"start":{"line":92,"column":6},"end":{"line":92,"column":34}},"39":{"start":{"line":100,"column":0},"end":{"line":111,"column":3}},"40":{"start":{"line":103,"column":2},"end":{"line":110,"column":5}},"41":{"start":{"line":108,"column":6},"end":{"line":108,"column":80}}},"branchMap":{"1":{"line":69,"type":"binary-expr","locations":[{"start":{"line":69,"column":28},"end":{"line":69,"column":51}},{"start":{"line":69,"column":55},"end":{"line":69,"column":57}}]},"2":{"line":79,"type":"binary-expr","locations":[{"start":{"line":79,"column":16},"end":{"line":79,"column":23}},{"start":{"line":79,"column":27},"end":{"line":79,"column":29}}]},"3":{"line":82,"type":"if","locations":[{"start":{"line":82,"column":6},"end":{"line":82,"column":6}},{"start":{"line":82,"column":6},"end":{"line":82,"column":6}}]},"4":{"line":88,"type":"if","locations":[{"start":{"line":88,"column":6},"end":{"line":88,"column":6}},{"start":{"line":88,"column":6},"end":{"line":88,"column":6}}]}},"code":["/**"," * Copyright 2014 IBM Corp. All Rights Reserved."," *"," * Licensed under the Apache License, Version 2.0 (the \"License\");"," * you may not use this file except in compliance with the License."," * You may obtain a copy of the License at"," *"," *      http://www.apache.org/licenses/LICENSE-2.0"," *"," * Unless required by applicable law or agreed to in writing, software"," * distributed under the License is distributed on an \"AS IS\" BASIS,"," * WITHOUT WARRANTIES OR CONDITIONS OF ANY KIND, either express or implied."," * See the License for the specific language governing permissions and"," * limitations under the License."," */","","'use strict';","","/**"," * @module watson-developer-cloud"," */","exports.AlchemyDataNewsV1 = require('./alchemy-data-news/v1');","exports.AlchemyLanguageV1 = require('./alchemy-language/v1');","exports.AlchemyVisionV1 = require('./alchemy-vision/v1');","","exports.AuthorizationV1 = require('./authorization/v1');","","exports.ConversationV1 = require('./conversation/v1');","exports.ConversationV1Experimental = require('./conversation/v1-experimental');","","exports.DialogV1 = require('./dialog/v1');","","exports.DiscoveryV1 = require('./discovery/v1');","exports.DiscoveryV1Experimental = require('./discovery/v1-experimental');","","exports.DocumentConversionV1 = require('./document-conversion/v1');","","exports.LanguageTranslationV2 = require('./language-translation/v2');","exports.LanguageTranslatorV2 = require('./language-translator/v2');","","exports.NaturalLanguageClassifierV1 = require('./natural-language-classifier/v1');","","exports.NaturalLanguageUnderstandingV1 = require('./natural-language-understanding/v1');","","exports.PersonalityInsightsV2 = require('./personality-insights/v2');","exports.PersonalityInsightsV3 = require('./personality-insights/v3');","","exports.RetrieveAndRankV1 = require('./retrieve-and-rank/v1');","","exports.SpeechToTextV1 = require('./speech-to-text/v1');","","exports.TextToSpeechV1 = require('./text-to-speech/v1');","","exports.ToneAnalyzerV3 = require('./tone-analyzer/v3');","","exports.TradeoffAnalyticsV1 = require('./tradeoff-analytics/v1');","","exports.VisualRecognitionV3 = require('./visual-recognition/v3');","","// adding shim constructors for backwards compatibility","","// 2-d map of snake_case service names & version => constructor function","// e.g. servicesByVersion.text_to_speech.v1 === exports.TextToSpeechV1;","const servicesByVersion = {};","Object.keys(exports).forEach(function(key) {","  const Service = exports[key];","  const name = Service.prototype.name;","  const version = Service.prototype.version;","  servicesByVersion[name] = servicesByVersion[name] || {};","  servicesByVersion[name][version] = Service;","});","","Object.keys(servicesByVersion).forEach(function(serviceName) {","  Object.defineProperty(exports, serviceName, {","    enumerable: false,","    configurable: true,","    writable: true,","    value: function(options) {","      options = options || {};","","      // previously, AlchemyAPI did not require a version to be specified","      if (serviceName.indexOf('alchemy_') === 0) {","        options.version = 'v1';","      }","","      const Service = servicesByVersion[serviceName][options.version];","","      if (!Service) {","        throw new Error('Unable to find ' + serviceName + ' version ' + options.version);","      }","","      return new Service(options);","    }","  });","});","","// removed services","// we don't want these services listed (so non-enumerable), but we do want a clear error message","// if old code happens to try using one","['concept_insights', 'relationship_extraction', 'message_resonance', 'question_and_answer', 'visual_insights', 'concept_expansion'].forEach(function(","  serviceName",") {","  Object.defineProperty(exports, serviceName, {","    enumerable: false,","    configurable: true,","    writable: true,","    value: function() {","      throw new Error('The ' + serviceName + ' service is no longer available');","    }","  });","});",""],"l":{"22":1,"23":1,"24":1,"26":1,"28":1,"29":1,"31":1,"33":1,"34":1,"36":1,"38":1,"39":1,"41":1,"43":1,"45":1,"46":1,"48":1,"50":1,"52":1,"54":1,"56":1,"58":1,"64":1,"65":1,"66":22,"67":22,"68":22,"69":22,"70":22,"73":1,"74":19,"79":0,"82":0,"83":0,"86":0,"88":0,"89":0,"92":0,"100":1,"103":6,"108":0}},"/home/travis/build/npmtest/node-npmtest-watson-developer-cloud/watson-developer-cloud/alchemy-data-news/v1.js":{"path":"/home/travis/build/npmtest/node-npmtest-watson-developer-cloud/watson-developer-cloud/alchemy-data-news/v1.js","s":{"1":1,"2":1,"3":1,"4":1,"5":1,"6":1,"7":0,"8":1,"9":1,"10":1,"11":1,"12":1,"13":0,"14":0,"15":0,"16":1},"b":{"1":[0,0]},"f":{"1":0,"2":0},"fnMap":{"1":{"name":"AlchemyDataNewsV1","line":29,"loc":{"start":{"line":29,"column":0},"end":{"line":29,"column":36}}},"2":{"name":"(anonymous_2)","line":46,"loc":{"start":{"line":46,"column":38},"end":{"line":46,"column":65}}}},"statementMap":{"1":{"start":{"line":19,"column":0},"end":{"line":19,"column":33}},"2":{"start":{"line":20,"column":0},"end":{"line":20,"column":56}},"3":{"start":{"line":21,"column":0},"end":{"line":21,"column":29}},"4":{"start":{"line":22,"column":0},"end":{"line":22,"column":66}},"5":{"start":{"line":23,"column":0},"end":{"line":23,"column":65}},"6":{"start":{"line":29,"column":0},"end":{"line":31,"column":1}},"7":{"start":{"line":30,"column":2},"end":{"line":30,"column":41}},"8":{"start":{"line":32,"column":0},"end":{"line":32,"column":53}},"9":{"start":{"line":34,"column":0},"end":{"line":34,"column":55}},"10":{"start":{"line":35,"column":0},"end":{"line":35,"column":43}},"11":{"start":{"line":36,"column":0},"end":{"line":36,"column":69}},"12":{"start":{"line":46,"column":0},"end":{"line":60,"column":2}},"13":{"start":{"line":47,"column":2},"end":{"line":47,"column":24}},"14":{"start":{"line":49,"column":2},"end":{"line":58,"column":4}},"15":{"start":{"line":59,"column":2},"end":{"line":59,"column":62}},"16":{"start":{"line":62,"column":0},"end":{"line":62,"column":35}}},"branchMap":{"1":{"line":47,"type":"binary-expr","locations":[{"start":{"line":47,"column":11},"end":{"line":47,"column":17}},{"start":{"line":47,"column":21},"end":{"line":47,"column":23}}]}},"code":["/**"," * Copyright 2015 IBM Corp. All Rights Reserved."," *"," * Licensed under the Apache License, Version 2.0 (the \"License\");"," * you may not use this file except in compliance with the License."," * You may obtain a copy of the License at"," *"," *      http://www.apache.org/licenses/LICENSE-2.0"," *"," * Unless required by applicable law or agreed to in writing, software"," * distributed under the License is distributed on an \"AS IS\" BASIS,"," * WITHOUT WARRANTIES OR CONDITIONS OF ANY KIND, either express or implied."," * See the License for the specific language governing permissions and"," * limitations under the License."," */","","'use strict';","","const extend = require('extend');","const requestFactory = require('../lib/requestwrapper');","const util = require('util');","const BaseServiceAlchemy = require('../lib/base_service_alchemy');","const errorFormatter = require('../lib/alchemy_error_formatter');","","/**"," * @param {Object} options"," * @constructor"," */","function AlchemyDataNewsV1(options) {","  BaseServiceAlchemy.call(this, options);","}","util.inherits(AlchemyDataNewsV1, BaseServiceAlchemy);","","AlchemyDataNewsV1.prototype.name = 'alchemy_data_news';","AlchemyDataNewsV1.prototype.version = 'v1';","AlchemyDataNewsV1.URL = 'https://gateway-a.watsonplatform.net/calls';","","/**"," * Extracts a grouped, ranked list of named entities (people, companies,"," * organizations, etc.) from text, a URL or HTML."," * @param {Object} params"," * @param params.end"," * @param params.start"," * @param {Function} callback"," */","AlchemyDataNewsV1.prototype.getNews = function(params, callback) {","  params = params || {};","","  const parameters = {","    options: {","      url: '/data/GetNews',","      method: 'GET',","      json: true,","      qs: extend({}, params, { outputMode: 'json' }) // change default output to json","    },","    requiredParams: ['end', 'start'],","    defaultOptions: this._options","  };","  return requestFactory(parameters, errorFormatter(callback));","};","","module.exports = AlchemyDataNewsV1;",""],"l":{"19":1,"20":1,"21":1,"22":1,"23":1,"29":1,"30":0,"32":1,"34":1,"35":1,"36":1,"46":1,"47":0,"49":0,"59":0,"62":1}},"/home/travis/build/npmtest/node-npmtest-watson-developer-cloud/watson-developer-cloud/lib/requestwrapper.js":{"path":"/home/travis/build/npmtest/node-npmtest-watson-developer-cloud/watson-developer-cloud/lib/requestwrapper.js","s":{"1":1,"2":1,"3":1,"4":1,"5":1,"6":1,"7":1,"8":1,"9":0,"10":0,"11":0,"12":0,"13":0,"14":0,"15":1,"16":0,"17":0,"18":0,"19":0,"20":0,"21":0,"22":0,"23":0,"24":0,"25":0,"26":0,"27":0,"28":0,"29":0,"30":0,"31":0,"32":0,"33":0,"34":0,"35":0,"36":0,"37":0,"38":0,"39":0,"40":0,"41":0,"42":0,"43":0,"44":0,"45":1,"46":0,"47":0,"48":0,"49":0,"50":0,"51":0,"52":0,"53":0,"54":0,"55":0,"56":0,"57":0,"58":0,"59":0,"60":0,"61":0,"62":0,"63":0,"64":0,"65":0,"66":0,"67":0,"68":0,"69":0,"70":0,"71":0,"72":0,"73":0,"74":0,"75":1},"b":{"1":[0,0],"2":[0,0],"3":[0,0],"4":[0,0],"5":[0,0,0],"6":[0,0],"7":[0,0,0],"8":[0,0],"9":[0,0],"10":[0,0,0],"11":[0,0],"12":[0,0,0],"13":[0,0],"14":[0,0],"15":[0,0],"16":[0,0],"17":[0,0],"18":[0,0],"19":[0,0],"20":[0,0],"21":[0,0],"22":[0,0],"23":[0,0]},"f":{"1":0,"2":0,"3":0,"4":0,"5":0,"6":0,"7":0,"8":0,"9":0},"fnMap":{"1":{"name":"parsePath","line":33,"loc":{"start":{"line":33,"column":0},"end":{"line":33,"column":33}}},"2":{"name":"(anonymous_2)","line":38,"loc":{"start":{"line":38,"column":30},"end":{"line":38,"column":46}}},"3":{"name":"formatErrorIfExists","line":50,"loc":{"start":{"line":50,"column":0},"end":{"line":50,"column":33}}},"4":{"name":"(anonymous_4)","line":51,"loc":{"start":{"line":51,"column":9},"end":{"line":51,"column":41}}},"5":{"name":"(anonymous_5)","line":77,"loc":{"start":{"line":77,"column":40},"end":{"line":77,"column":54}}},"6":{"name":"(anonymous_6)","line":85,"loc":{"start":{"line":85,"column":32},"end":{"line":85,"column":46}}},"7":{"name":"createRequest","line":114,"loc":{"start":{"line":114,"column":0},"end":{"line":114,"column":46}}},"8":{"name":"(anonymous_8)","line":124,"loc":{"start":{"line":124,"column":78},"end":{"line":124,"column":89}}},"9":{"name":"(anonymous_9)","line":140,"loc":{"start":{"line":140,"column":8},"end":{"line":140,"column":19}}}},"statementMap":{"1":{"start":{"line":19,"column":0},"end":{"line":19,"column":33}},"2":{"start":{"line":20,"column":0},"end":{"line":20,"column":35}},"3":{"start":{"line":21,"column":0},"end":{"line":21,"column":39}},"4":{"start":{"line":22,"column":0},"end":{"line":22,"column":35}},"5":{"start":{"line":23,"column":0},"end":{"line":23,"column":38}},"6":{"start":{"line":24,"column":0},"end":{"line":24,"column":53}},"7":{"start":{"line":25,"column":0},"end":{"line":25,"column":45}},"8":{"start":{"line":33,"column":0},"end":{"line":43,"column":1}},"9":{"start":{"line":34,"column":2},"end":{"line":36,"column":3}},"10":{"start":{"line":35,"column":4},"end":{"line":35,"column":16}},"11":{"start":{"line":37,"column":2},"end":{"line":37,"column":27}},"12":{"start":{"line":38,"column":2},"end":{"line":40,"column":5}},"13":{"start":{"line":39,"column":4},"end":{"line":39,"column":61}},"14":{"start":{"line":42,"column":2},"end":{"line":42,"column":63}},"15":{"start":{"line":50,"column":0},"end":{"line":103,"column":1}},"16":{"start":{"line":51,"column":2},"end":{"line":102,"column":4}},"17":{"start":{"line":55,"column":4},"end":{"line":64,"column":5}},"18":{"start":{"line":57,"column":6},"end":{"line":61,"column":7}},"19":{"start":{"line":58,"column":8},"end":{"line":58,"column":21}},"20":{"start":{"line":59,"column":8},"end":{"line":59,"column":65}},"21":{"start":{"line":60,"column":8},"end":{"line":60,"column":26}},"22":{"start":{"line":62,"column":6},"end":{"line":62,"column":32}},"23":{"start":{"line":63,"column":6},"end":{"line":63,"column":13}},"24":{"start":{"line":66,"column":4},"end":{"line":70,"column":5}},"25":{"start":{"line":67,"column":6},"end":{"line":67,"column":30}},"26":{"start":{"line":73,"column":4},"end":{"line":89,"column":5}},"27":{"start":{"line":75,"column":6},"end":{"line":81,"column":7}},"28":{"start":{"line":76,"column":8},"end":{"line":76,"column":34}},"29":{"start":{"line":77,"column":8},"end":{"line":79,"column":11}},"30":{"start":{"line":78,"column":10},"end":{"line":78,"column":38}},"31":{"start":{"line":80,"column":8},"end":{"line":80,"column":40}},"32":{"start":{"line":83,"column":6},"end":{"line":83,"column":94}},"33":{"start":{"line":84,"column":6},"end":{"line":84,"column":35}},"34":{"start":{"line":85,"column":6},"end":{"line":87,"column":9}},"35":{"start":{"line":86,"column":8},"end":{"line":86,"column":31}},"36":{"start":{"line":88,"column":6},"end":{"line":88,"column":18}},"37":{"start":{"line":92,"column":4},"end":{"line":100,"column":5}},"38":{"start":{"line":93,"column":6},"end":{"line":93,"column":30}},"39":{"start":{"line":94,"column":6},"end":{"line":94,"column":39}},"40":{"start":{"line":95,"column":6},"end":{"line":98,"column":7}},"41":{"start":{"line":96,"column":8},"end":{"line":96,"column":35}},"42":{"start":{"line":97,"column":8},"end":{"line":97,"column":85}},"43":{"start":{"line":99,"column":6},"end":{"line":99,"column":18}},"44":{"start":{"line":101,"column":4},"end":{"line":101,"column":30}},"45":{"start":{"line":114,"column":0},"end":{"line":174,"column":1}},"46":{"start":{"line":115,"column":2},"end":{"line":115,"column":27}},"47":{"start":{"line":116,"column":2},"end":{"line":116,"column":82}},"48":{"start":{"line":117,"column":2},"end":{"line":117,"column":28}},"49":{"start":{"line":118,"column":2},"end":{"line":118,"column":28}},"50":{"start":{"line":119,"column":2},"end":{"line":119,"column":28}},"51":{"start":{"line":120,"column":2},"end":{"line":120,"column":36}},"52":{"start":{"line":121,"column":2},"end":{"line":121,"column":24}},"53":{"start":{"line":124,"column":2},"end":{"line":124,"column":93}},"54":{"start":{"line":127,"column":2},"end":{"line":130,"column":3}},"55":{"start":{"line":129,"column":4},"end":{"line":129,"column":114}},"56":{"start":{"line":132,"column":2},"end":{"line":132,"column":142}},"57":{"start":{"line":134,"column":2},"end":{"line":147,"column":3}},"58":{"start":{"line":135,"column":4},"end":{"line":146,"column":5}},"59":{"start":{"line":136,"column":6},"end":{"line":136,"column":37}},"60":{"start":{"line":138,"column":6},"end":{"line":138,"column":43}},"61":{"start":{"line":139,"column":6},"end":{"line":144,"column":8}},"62":{"start":{"line":141,"column":10},"end":{"line":141,"column":51}},"63":{"start":{"line":145,"column":6},"end":{"line":145,"column":25}},"64":{"start":{"line":150,"column":2},"end":{"line":150,"column":45}},"65":{"start":{"line":151,"column":2},"end":{"line":151,"column":22}},"66":{"start":{"line":154,"column":2},"end":{"line":154,"column":48}},"67":{"start":{"line":156,"column":2},"end":{"line":158,"column":3}},"68":{"start":{"line":157,"column":4},"end":{"line":157,"column":72}},"69":{"start":{"line":161,"column":2},"end":{"line":163,"column":3}},"70":{"start":{"line":162,"column":4},"end":{"line":162,"column":34}},"71":{"start":{"line":166,"column":2},"end":{"line":168,"column":3}},"72":{"start":{"line":167,"column":4},"end":{"line":167,"column":62}},"73":{"start":{"line":171,"column":2},"end":{"line":171,"column":22}},"74":{"start":{"line":173,"column":2},"end":{"line":173,"column":57}},"75":{"start":{"line":176,"column":0},"end":{"line":176,"column":31}}},"branchMap":{"1":{"line":34,"type":"if","locations":[{"start":{"line":34,"column":2},"end":{"line":34,"column":2}},{"start":{"line":34,"column":2},"end":{"line":34,"column":2}}]},"2":{"line":34,"type":"binary-expr","locations":[{"start":{"line":34,"column":6},"end":{"line":34,"column":11}},{"start":{"line":34,"column":15},"end":{"line":34,"column":22}}]},"3":{"line":55,"type":"if","locations":[{"start":{"line":55,"column":4},"end":{"line":55,"column":4}},{"start":{"line":55,"column":4},"end":{"line":55,"column":4}}]},"4":{"line":57,"type":"if","locations":[{"start":{"line":57,"column":6},"end":{"line":57,"column":6}},{"start":{"line":57,"column":6},"end":{"line":57,"column":6}}]},"5":{"line":59,"type":"binary-expr","locations":[{"start":{"line":59,"column":26},"end":{"line":59,"column":39}},{"start":{"line":59,"column":43},"end":{"line":59,"column":54}},{"start":{"line":59,"column":58},"end":{"line":59,"column":63}}]},"6":{"line":73,"type":"if","locations":[{"start":{"line":73,"column":4},"end":{"line":73,"column":4}},{"start":{"line":73,"column":4},"end":{"line":73,"column":4}}]},"7":{"line":73,"type":"binary-expr","locations":[{"start":{"line":73,"column":8},"end":{"line":73,"column":12}},{"start":{"line":73,"column":17},"end":{"line":73,"column":27}},{"start":{"line":73,"column":31},"end":{"line":73,"column":46}}]},"8":{"line":75,"type":"if","locations":[{"start":{"line":75,"column":6},"end":{"line":75,"column":6}},{"start":{"line":75,"column":6},"end":{"line":75,"column":6}}]},"9":{"line":75,"type":"binary-expr","locations":[{"start":{"line":75,"column":10},"end":{"line":75,"column":40}},{"start":{"line":75,"column":44},"end":{"line":75,"column":66}}]},"10":{"line":83,"type":"binary-expr","locations":[{"start":{"line":83,"column":24},"end":{"line":83,"column":34}},{"start":{"line":83,"column":38},"end":{"line":83,"column":56}},{"start":{"line":83,"column":60},"end":{"line":83,"column":92}}]},"11":{"line":92,"type":"if","locations":[{"start":{"line":92,"column":4},"end":{"line":92,"column":4}},{"start":{"line":92,"column":4},"end":{"line":92,"column":4}}]},"12":{"line":92,"type":"binary-expr","locations":[{"start":{"line":92,"column":8},"end":{"line":92,"column":14}},{"start":{"line":92,"column":19},"end":{"line":92,"column":44}},{"start":{"line":92,"column":48},"end":{"line":92,"column":74}}]},"13":{"line":95,"type":"if","locations":[{"start":{"line":95,"column":6},"end":{"line":95,"column":6}},{"start":{"line":95,"column":6},"end":{"line":95,"column":6}}]},"14":{"line":95,"type":"binary-expr","locations":[{"start":{"line":95,"column":10},"end":{"line":95,"column":28}},{"start":{"line":95,"column":32},"end":{"line":95,"column":50}}]},"15":{"line":124,"type":"cond-expr","locations":[{"start":{"line":124,"column":53},"end":{"line":124,"column":62}},{"start":{"line":124,"column":78},"end":{"line":124,"column":91}}]},"16":{"line":127,"type":"if","locations":[{"start":{"line":127,"column":2},"end":{"line":127,"column":2}},{"start":{"line":127,"column":2},"end":{"line":127,"column":2}}]},"17":{"line":132,"type":"binary-expr","locations":[{"start":{"line":132,"column":42},"end":{"line":132,"column":67}},{"start":{"line":132,"column":71},"end":{"line":132,"column":113}}]},"18":{"line":134,"type":"if","locations":[{"start":{"line":134,"column":2},"end":{"line":134,"column":2}},{"start":{"line":134,"column":2},"end":{"line":134,"column":2}}]},"19":{"line":135,"type":"if","locations":[{"start":{"line":135,"column":4},"end":{"line":135,"column":4}},{"start":{"line":135,"column":4},"end":{"line":135,"column":4}}]},"20":{"line":156,"type":"if","locations":[{"start":{"line":156,"column":2},"end":{"line":156,"column":2}},{"start":{"line":156,"column":2},"end":{"line":156,"column":2}}]},"21":{"line":161,"type":"if","locations":[{"start":{"line":161,"column":2},"end":{"line":161,"column":2}},{"start":{"line":161,"column":2},"end":{"line":161,"column":2}}]},"22":{"line":161,"type":"binary-expr","locations":[{"start":{"line":161,"column":6},"end":{"line":161,"column":16}},{"start":{"line":161,"column":20},"end":{"line":161,"column":54}}]},"23":{"line":166,"type":"if","locations":[{"start":{"line":166,"column":2},"end":{"line":166,"column":2}},{"start":{"line":166,"column":2},"end":{"line":166,"column":2}}]}},"code":["/**"," * Copyright 2014 IBM Corp. All Rights Reserved."," *"," * Licensed under the Apache License, Version 2.0 (the \"License\");"," * you may not use this file except in compliance with the License."," * You may obtain a copy of the License at"," *"," *      http://www.apache.org/licenses/LICENSE-2.0"," *"," * Unless required by applicable law or agreed to in writing, software"," * distributed under the License is distributed on an \"AS IS\" BASIS,"," * WITHOUT WARRANTIES OR CONDITIONS OF ANY KIND, either express or implied."," * See the License for the specific language governing permissions and"," * limitations under the License."," */","","'use strict';","","const extend = require('extend');","const request = require('request');","const pkg = require('../package.json');","const helper = require('./helper');","const parseString = require('string');","const readableStream = require('stream').PassThrough;","const isBrowser = typeof window === 'object';","","/**"," * @private"," * @param {String} path"," * @param {Object} params"," * @return {String}"," */","function parsePath(path, params) {","  if (!path || !params) {","    return path;","  }","  const escapedParams = {};","  Object.keys(params).forEach(function(value) {","    escapedParams[value] = encodeURIComponent(params[value]);","  });","","  return parseString(path).template(escapedParams, '{', '}').s;","}","","/**"," * Check if the service/request have error and try to format them."," * @param  {Function} cb the request callback"," * @private"," */","function formatErrorIfExists(cb) {","  return function(error, response, body) {","    // eslint-disable-line complexity","","    // If we have an error return it.","    if (error) {","      // first ensure that it's an instanceof Error","      if (!(error instanceof Error)) {","        body = error;","        error = new Error(error.message || error.error || error);","        error.body = body;","      }","      cb(error, body, response);","      return;","    }","","    try {","      body = JSON.parse(body);","    } catch (e) {","      // if it fails, just return the body as a string","    }","","    // If we have a response and it contains an error","    if (body && (body.error || body.error_code)) {","      // visual recognition sets body.error to a json object with code/description/error_id instead of putting them top-left","      if (typeof body.error === 'object' && body.error.description) {","        const errObj = body.error; // just in case there's a body.error.error...","        Object.keys(body.error).forEach(function(key) {","          body[key] = body.error[key];","        });","        body.error = errObj.description;","      }","      // language translaton returns json with error_code and error_message","      error = new Error(body.error || body.error_message || 'Error Code: ' + body.error_code);","      error.code = body.error_code;","      Object.keys(body).forEach(function(key) {","        error[key] = body[key];","      });","      body = null;","    }","","    // If we still don't have an error and there was an error...","    if (!error && (response.statusCode < 200 || response.statusCode >= 300)) {","      error = new Error(body);","      error.code = response.statusCode;","      if (error.code === 401 || error.code === 403) {","        error.body = error.message;","        error.message = 'Unauthorized: Access is denied due to invalid credentials.';","      }","      body = null;","    }","    cb(error, body, response);","  };","}","","/**"," * Creates the request."," * 1. Merge default options with user provided options"," * 2. Checks for missing parameters"," * 3. Encode path and query parameters"," * 4. Call the api"," * @private"," * @return {ReadableStream|undefined}"," */","function createRequest(parameters, _callback) {","  let missingParams = null;","  const options = extend(true, {}, parameters.defaultOptions, parameters.options);","  const path = options.path;","  const body = options.body; // application/json or text/plain","  const form = options.form; // application/x-www-form-urlencoded","  const formData = options.formData; // application/x-www-form-urlencoded","  const qs = options.qs; // Query parameters","","  // Provide a default callback if it doesn't exists","  const callback = typeof _callback === 'function' ? _callback /* no op */ : (function() {});","","  // Missing parameters","  if (parameters.options.requiredParams) {","    // eslint-disable-next-line no-console","    console.warn(new Error('requiredParams set on parameters.options - it should be set directly on parameters'));","  }","","  missingParams = helper.getMissingParams(parameters.originalParams || extend({}, qs, body, form, formData, path), parameters.requiredParams);","","  if (missingParams) {","    if (typeof _callback === 'function') {","      return callback(missingParams);","    } else {","      const errorStream = readableStream();","      setTimeout(","        function() {","          errorStream.emit('error', missingParams);","        },","        0","      );","      return errorStream;","    }","  }","","  // Path params","  options.url = parsePath(options.url, path);","  delete options.path;","","  // Headers","  options.headers = extend({}, options.headers);","","  if (!isBrowser) {","    options.headers['User-Agent'] = pkg.name + '-nodejs-' + pkg.version;","  }","","  // Query params","  if (options.qs && Object.keys(options.qs).length > 0) {","    options.useQuerystring = true;","  }","","  // Add service default endpoint if options.url start with /","  if (options.url.charAt(0) === '/') {","    options.url = parameters.defaultOptions.url + options.url;","  }","","  // Compression support","  options.gzip = true;","","  return request(options, formatErrorIfExists(callback));","}","","module.exports = createRequest;",""],"l":{"19":1,"20":1,"21":1,"22":1,"23":1,"24":1,"25":1,"33":1,"34":0,"35":0,"37":0,"38
[...]
ifier."," * @param {ReadStream} params.classname_positive_examples <your_class_name>_positive_examples One or more compressed (.zip) files of images that depict the visual subject for a class within the new classifier. Must contain a minimum of 10 images. You may supply multiple files with different class names in the key."," * @param {ReadStream} [params.negative_examples] A compressed (.zip) file of images that do not depict the visual subject of any of the classes of the new classifier. Must contain a minimum of 10 images. Required if only one positive set is provided."," *"," * @return {ReadableStream|undefined}"," */","VisualRecognitionV3.prototype.createClassifier = function(params, callback) {","  params = params || {};","","  const example_keys = Object.keys(params).filter(function(key) {","    return key === NEGATIVE_EXAMPLES || key.match(/^.+_positive_examples$/);","  });","","  if (example_keys.length < 2) {","    callback(new Error('Missing required parameters: either two *_positive_examples or one *_positive_examples and one negative_examples must be provided.'));","    return;","  }","  // todo: validate that all *_examples are streams or else objects with buffers and content-types","  const allowed_keys = ['name', NEGATIVE_EXAMPLES].concat(example_keys);","","  const parameters = {","    options: {","      url: '/v3/classifiers',","      method: 'POST',","      json: true,","      formData: pick(params, allowed_keys)","    },","    requiredParams: ['name'],","    defaultOptions: this._options","  };","  return this.request(parameters, errorFormatter(callback));","};","","/**"," * Retrain a existing classifier from example images which are uploaded."," * This call returns before retraining has completed.  You'll need to use the"," * getClassifer method to make sure the classifier has completed retraining and"," * was successful before you can classify any images with the retrained"," * classifier."," *"," * @example"," * {"," *   \"classifier_id\": \"fruit_679357912\","," *   \"name\": \"fruit\","," *   \"owner\": \"a3a48ea7-492b-448b-87d7-9dade8bde5a9\","," *   \"status\": \"training\","," *   \"created\": \"2016-05-23T21:50:41.680Z\","," *   \"classes\": [{"," *     \"class\": \"banana\""," *   }, {"," *     \"class\": \"apple\""," *   }]"," * }"," *"," * @param {Object} params"," * @param {ReadStream} params.classname_positive_examples <your_class_name>_positive_examples One or more compressed (.zip) files of images that depict the visual subject for a class within the classifier. You may supply multiple files with different class names in the key."," * @param {ReadStream} [params.negative_examples] A compressed (.zip) file of images that do not depict the visual subject of any of the classes of the classifier."," *"," * @return {ReadableStream|undefined}"," */","VisualRecognitionV3.prototype.retrainClassifier = function(params, callback) {","  params = params || {};","","  const allowed_keys = Object.keys(params).filter(function(key) {","    return key === NEGATIVE_EXAMPLES || key.match(/^.+_positive_examples$/);","  });","","  const parameters = {","    options: {","      url: '/v3/classifiers/' + params.classifier_id,","      method: 'POST',","      json: true,","      formData: pick(params, allowed_keys)","    },","    requiredParams: [],","    defaultOptions: this._options","  };","  return this.request(parameters, errorFormatter(callback));","};","","/**"," * Retrieve a list of all classifiers, including built-in and"," * user-created classifiers."," *"," * @example"," * {"," *   \"classifiers\": [{"," *     \"classifier_id\": \"fruit_679357912\","," *     \"name\": \"fruit\","," *     \"status\": \"ready\""," *   }, {"," *     \"classifier_id\": \"Dogs_2017013066\","," *     \"name\": \"Dogs\","," *     \"status\": \"ready\""," *   }]"," * }"," *"," * @param {Object} params"," * @param {Boolean} [params.verbose=false]"," * @param {Function} callback"," * @return {ReadableStream|undefined}"," */","VisualRecognitionV3.prototype.listClassifiers = function(params, callback) {","  const parameters = {","    options: {","      method: 'GET',","      url: '/v3/classifiers',","      qs: pick(params, ['verbose']),","      json: true","    },","    defaultOptions: this._options","  };","  return this.request(parameters, errorFormatter(callback));","};","","/**"," * Retrieves information about a specific classifier."," *"," * @example"," * {"," *   \"classifier_id\": \"fruit_679357912\","," *   \"name\": \"fruit\","," *   \"owner\": \"a3a42ea7-492b-448b-87d7-9dfde8bde519 \","," *   \"status\": \"ready\","," *   \"created\": \"2016-05-23T21:50:41.680Z\","," *   \"classes\": [{"," *     \"class\": \"banana\""," *   }, {"," *     \"class\": \"apple\""," *   }]"," * }"," *"," * @param {Object} params"," * @param {Boolean} params.classifier_id The classifier id"," * @param {Function} callback"," * @return {ReadableStream|undefined}"," */","VisualRecognitionV3.prototype.getClassifier = function(params, callback) {","  const parameters = {","    options: {","      method: 'GET',","      url: '/v3/classifiers/{classifier_id}',","      path: params,","      json: true","    },","    requiredParams: ['classifier_id'],","    defaultOptions: this._options","  };","  return this.request(parameters, errorFormatter(callback));","};","","/**"," * Deletes a custom classifier with the specified classifier id."," *"," * @param {Object} params"," * @param {String} params.classifier_id The classifier id"," * @param {Function} callback"," * @return {ReadableStream|undefined}"," */","VisualRecognitionV3.prototype.deleteClassifier = function(params, callback) {","  const parameters = {","    options: {","      method: 'DELETE',","      url: '/v3/classifiers/{classifier_id}',","      path: params,","      json: true","    },","    requiredParams: ['classifier_id'],","    defaultOptions: this._options","  };","  return this.request(parameters, errorFormatter(callback));","};","","// collections & similarity search","","/**"," * Create a collection"," * Beta. Create a new collection of images to search. You can create a maximum of 5 collections."," *"," * Example response:","","   { collection_id: 'integration_test_1474313373701_d9665f',","     name: 'integration_test_1474313373701',","     status: 'available',","     created: '2016-09-19T19:29:34.019Z',","     images: 0,","     capacity: 1000000 }",""," * @param {Object} params"," * @param {String} params.name The name of the new collection. The name can be a maximum of 128 UTF8 characters, with no spaces."," * @param {Function} callback"," */","VisualRecognitionV3.prototype.createCollection = function(params, callback) {","  params = params || {};","","  const parameters = {","    options: {","      url: '/v3/collections',","      method: 'POST',","      json: true,","      formData: pick(params, ['name'])","    },","    requiredParams: ['name'],","    defaultOptions: this._options","  };","  return this.request(parameters, errorFormatter(callback));","};","","/**"," * Retrieve collection details"," * Beta. Retrieve information about a specific collection."," *"," * Example response:",""," { collection_id: 'integration_test_1474313373701_d9665f',","   name: 'integration_test_1474313373701',","   status: 'available',","   created: '2016-09-19T19:29:34.019Z',","   images: 0,","   capacity: 1000000 }",""," * @param {Object} params"," * @param {String} params.collection_id"," * @param {Function} callback"," */","VisualRecognitionV3.prototype.getCollection = function(params, callback) {","  params = params || {};","","  const parameters = {","    options: {","      url: '/v3/collections/{collection_id}',","      method: 'GET',","      json: true,","      path: params","    },","    requiredParams: ['collection_id'],","    defaultOptions: this._options","  };","  return this.request(parameters, errorFormatter(callback));","};","","/**"," * List collections"," * Beta. List all custom collections."," *"," * Example response:",""," { collections:","   [ { collection_id: 'integration_test_1474313967414_0e320b',","       name: 'integration_test_1474313967414',","       status: 'available',","       created: '2016-09-19T19:39:27.811Z',","       images: 0,","       capacity: 1000000 } ] }",""," * @param {Object} [params]"," * @param {Function} callback"," */","VisualRecognitionV3.prototype.listCollections = function(params, callback) {","  if (typeof params === 'function' && !callback) {","    callback = params;","  }","","  const parameters = {","    options: {","      url: '/v3/collections',","      method: 'GET',","      json: true","    },","    defaultOptions: this._options","  };","  return this.request(parameters, errorFormatter(callback));","};","","/**"," * Delete a collection"," * Beta. Delete a user created collection."," *"," * @param {Object} params"," * @param {String} params.collection_id"," * @param {Function} callback"," */","VisualRecognitionV3.prototype.deleteCollection = function(params, callback) {","  params = params || {};","","  const parameters = {","    options: {","      url: '/v3/collections/{collection_id}',","      method: 'DELETE',","      json: true,","      path: params","    },","    requiredParams: ['collection_id'],","    defaultOptions: this._options","  };","  return this.request(parameters, errorFormatter(callback));","};","","/**"," * Add an image to a collection"," * Beta. Add images to a collection. Each collection can contain 1000000 images."," *"," * Example Response:",""," {","   \"images\": [","     {","       \"image_id\": \"9725bc\",","       \"image_file\": \"obama.jpg\",","       \"created\": \"2016-09-20T14:41:49.927Z\",","       \"metadata\": {","         \"foo\": \"bar\"","       }","     }","   ],","   \"images_processed\": 1"," }",""," * @param {Object} params"," * @param {String} params.collection_id"," * @param {ReadableStream} params.image_file The image file (.jpg or .png) of the image to add to the collection. Maximum file size of 2 MB."," * @param {Object} [params.metadata] optional arbitrary metadata. This can be anything that can be specified in a JSON object. For example, key-value pairs. Maximum 2 KB of metadata for each image."," * @param {Function} callback"," */","VisualRecognitionV3.prototype.addImage = function(params, callback) {","  params = params || {};","","  if (!params.image_file || !isStream(params.image_file)) {","    throw new Error('image_file param must be a standard Node.js Stream');","  }","","  const parameters = {","    options: {","      url: '/v3/collections/{collection_id}/images',","      method: 'POST',","      json: true,","      path: params,","      formData: {","        image_file: params.image_file,","        metadata: {","          value: JSON.stringify(params.metadata || {}),","          options: {","            contentType: 'application/json',","            filename: 'metadata.json' // it doesn't matter what the filename is, but the service requires that *some* filename be set or else it ignores the metadata","          }","        }","      }","    },","    requiredParams: ['collection_id', 'image_file'],","    defaultOptions: this._options","  };","  return this.request(parameters, errorFormatter(callback));","};","","/**"," * List images in a collection"," * Beta. List the first 100 images in a collection. Each collection can contain 1000000 images."," *"," * Example Response:","","{ images:","  [ { image_id: '83f3ff',","     image_file: 'obama.jpg',","     created: '2016-09-19T21:07:15.141Z' } ] }"," *"," * @param {Object} params"," * @param {String} params.collection_id"," * @param {ReadableStream} params.image_file The image file (.jpg or .png) of the image to add to the collection. Maximum file size of 2 MB."," * @param {Object} [params.metadata] optional arbitrary metadata. This can be anything that can be specified in a JSON object. For example, key-value pairs. Maximum 2 KB of metadata for each image."," * @param {Function} callback"," */","VisualRecognitionV3.prototype.listImages = function(params, callback) {","  params = params || {};","","  const parameters = {","    options: {","      url: '/v3/collections/{collection_id}/images',","      method: 'GET',","      json: true,","      path: params","    },","    requiredParams: ['collection_id'],","    defaultOptions: this._options","  };","  return this.request(parameters, errorFormatter(callback));","};","","/**"," * Get image details"," * Beta. List details about a specific image in a collection."," *"," * Example Response:","","{ image_id: '83f3ff',","  image_file: 'obama.jpg',","  created: '2016-09-19T21:07:15.141Z'",""," * @param {Object} params"," * @param {String} params.collection_id"," * @param {String} params.image_id"," * @param {Function} callback"," */","VisualRecognitionV3.prototype.getImage = function(params, callback) {","  params = params || {};","","  const parameters = {","    options: {","      url: '/v3/collections/{collection_id}/images/{image_id}',","      method: 'GET',","      json: true,","      path: params","    },","    requiredParams: ['collection_id', 'image_id'],","    defaultOptions: this._options","  };","  return this.request(parameters, errorFormatter(callback));","};","","/**"," * Delete an image"," * Beta. Delete an image from a collection."," *"," * @param {Object} params"," * @param {String} params.collection_id"," * @param {String} params.image_id"," * @param {Function} callback"," */","VisualRecognitionV3.prototype.deleteImage = function(params, callback) {","  params = params || {};","","  const parameters = {","    options: {","      url: '/v3/collections/{collection_id}/images/{image_id}',","      method: 'DELETE',","      json: true,","      path: params","    },","    requiredParams: ['collection_id', 'image_id'],","    defaultOptions: this._options","  };","  return this.request(parameters, errorFormatter(callback));","};","","/**"," * Add or update metadata"," * Beta. Add metadata to a specific image in a collection."," *"," * @param {Object} params"," * @param {String} params.collection_id"," * @param {String} params.image_id"," * @param {Object} params.metadata Can be anything that can be specified in a JSON object. For example, key-value pairs. Maximum 2 KB of metadata for each image."," * @param {Function} callback"," */","VisualRecognitionV3.prototype.setImageMetadata = function(params, callback) {","  params = params || {};","","  const parameters = {","    options: {","      url: '/v3/collections/{collection_id}/images/{image_id}/metadata',","      method: 'PUT',","      json: true,","      path: params,","      headers: { 'Content-Type': 'multipart/form-data' },","      // todo: manually create a body string that looks like a POST form data body even though it's a PUT","      formData: {","        metadata: {","          value: JSON.stringify(params.metadata || {}),","          options: {","            contentType: 'application/json',","            filename: 'metadata.json' // it doesn't matter what the filename is, but the service requires that *some* filename be set or else it gives a confusing \"Missing multipart/form-data\" error","          }","        }","      }","    },","    requiredParams: ['collection_id', 'image_id', 'metadata'],","    defaultOptions: this._options","  };","  return this.request(parameters, errorFormatter(callback));","};","","/**"," * Get image metadata"," * Beta. View the metadata for a specific image in a collection."," *"," * Example Response:",""," {\"foo\": \"bar\"}",""," *"," * @param {Object} params"," * @param {String} params.collection_id"," * @param {ReadableStream} params.image_id"," * @param {Function} callback"," */","VisualRecognitionV3.prototype.getImageMetadata = function(params, callback) {","  params = params || {};","","  const parameters = {","    options: {","      url: '/v3/collections/{collection_id}/images/{image_id}/metadata',","      method: 'GET',","      json: true,","      path: params","    },","    requiredParams: ['collection_id', 'image_id'],","    defaultOptions: this._options","  };","  return this.request(parameters, errorFormatter(callback));","};","","/**"," * Delete image metadata"," * Beta. Delete all metadata associated with an image."," *"," * @param {Object} params"," * @param {String} params.collection_id"," * @param {ReadableStream} params.image_id"," * @param {Function} callback"," */","VisualRecognitionV3.prototype.deleteImageMetadata = function(params, callback) {","  params = params || {};","","  const parameters = {","    options: {","      url: '/v3/collections/{collection_id}/images/{image_id}/metadata',","      method: 'DELETE',","      json: true,","      path: params","    },","    requiredParams: ['collection_id', 'image_id'],","    defaultOptions: this._options","  };","  return this.request(parameters, errorFormatter(callback));","};","","/**"," * Find similar images"," * Beta. Upload an image to find similar images in your custom collection."," *"," * Example response:",""," {","    \"similar_images\":[","       {","          \"image_id\":\"dresses_1257263\",","          \"created\":\"2016-09-04T21:49:16.908Z\",","          \"metadata\":{","             \"weight\":10,","             \"cut\":\"a line\",","             \"color\":\"red\"","          },","          \"score\":\"0.79\"","       }","    ],","    \"image_file\":\"red_dress.jpg\",","    \"images_processed\": 1"," }",""," * @param {Object} params"," * @param {String} params.collection_id The collection id"," * @param {ReadableStream} params.image_file The image file (.jpg or .png) of the image to search against the collection."," * @param {Number} [params.limit=10]  limit The number of similar results you want returned. Default limit is 10 results, you can specify a maximum limit of 100 results."," * @param {Function} callback"," * @return {ReadableStream|undefined}"," */","VisualRecognitionV3.prototype.findSimilar = function(params, callback) {","  params = params || {};","","  if (!params.image_file || !isStream(params.image_file)) {","    throw new Error('image_file param must be a standard Node.js Stream');","  }","","  const parameters = {","    options: {","      url: '/v3/collections/{collection_id}/find_similar',","      method: 'POST',","      json: true,","      qs: pick(params, ['limit']),","      formData: pick(params, ['image_file']),","      path: pick(params, ['collection_id'])","    },","    requiredParams: ['collection_id', 'image_file'],","    defaultOptions: this._options","  };","  return this.request(parameters, errorFormatter(callback));","};","","module.exports = VisualRecognitionV3;",""],"l":{"19":1,"20":1,"21":1,"22":1,"23":1,"24":1,"26":1,"36":1,"37":0,"49":1,"50":0,"51":0,"55":0,"57":0,"61":0,"73":1,"74":0,"75":0,"78":0,"79":0,"82":0,"83":0,"99":1,"100":0,"101":0,"102":0,"103":0,"105":0,"106":0,"107":0,"116":0,"131":1,"132":0,"134":0,"135":0,"137":0,"139":1,"140":1,"141":1,"142":1,"143":1,"154":1,"155":0,"156":0,"158":0,"160":0,"170":1,"171":0,"172":0,"173":0,"174":0,"175":0,"179":0,"181":0,"192":1,"193":0,"205":1,"206":0,"255":1,"256":0,"257":0,"259":0,"260":0,"263":0,"271":0,"273":0,"274":0,"292":0,"304":0,"351":1,"352":0,"353":0,"355":0,"356":0,"359":0,"361":0,"362":0,"372":0,"383":0,"440":1,"441":0,"442":0,"444":0,"445":0,"448":0,"450":0,"451":0,"461":0,"472":0,"523":1,"524":0,"526":0,"527":0,"530":0,"531":0,"532":0,"535":0,"537":0,"547":0,"577":1,"578":0,"580":0,"581":0,"584":0,"594":0,"619":1,"620":0,"629":0,"654":1,"655":0,"665":0,"676":1,"677":0,"687":0,"709":1,"710":0,"712":0,"722":0,"742":1,"743":0,"745":0,"755":0,"775":1,"776":0,"777":0,"780":0,"788":0,"799":1,"800":0,"802":0,"812":0,"841":1,"842":0,"844":0,"845":0,"848":0,"868":0,"888":1,"889":0,"891":0,"901":0,"919":1,"920":0,"922":0,"932":0,"944":1,"945":0,"947":0,"957":0,"970":1,"971":0,"973":0,"994":0,"1011":1,"1012":0,"1014":0,"1024":0,"1036":1,"1037":0,"1039":0,"1049":0,"1082":1,"1083":0,"1085":0,"1086":0,"1089":0,"1101":0,"1104":1}}}